<?xml version="1.0" ?>
<coverage version="7.10.7" timestamp="1772383159861" lines-valid="2618" lines-covered="2315" line-rate="0.8843" branches-covered="0" branches-valid="0" branch-rate="0" complexity="0">
	<!-- Generated by coverage.py: https://coverage.readthedocs.io/en/7.10.7 -->
	<!-- Based on https://raw.githubusercontent.com/cobertura/web/master/htdocs/xml/coverage-04.dtd -->
	<sources>
		<source>/Users/u517055/Documents/01. Desarrollo/02. Commercial/00.Gen Ai/bug-resolution-radar</source>
	</sources>
	<packages>
		<package name="src.bug_resolution_radar" line-rate="0.8421" branch-rate="0" complexity="0">
			<classes>
				<class name="__init__.py" filename="src/bug_resolution_radar/__init__.py" complexity="0" line-rate="1" branch-rate="0">
					<methods/>
					<lines>
						<line number="3" hits="1"/>
					</lines>
				</class>
				<class name="config.py" filename="src/bug_resolution_radar/config.py" complexity="0" line-rate="0.8416" branch-rate="0">
					<methods/>
					<lines>
						<line number="3" hits="1"/>
						<line number="5" hits="1"/>
						<line number="6" hits="1"/>
						<line number="7" hits="1"/>
						<line number="8" hits="1"/>
						<line number="9" hits="1"/>
						<line number="10" hits="1"/>
						<line number="11" hits="1"/>
						<line number="13" hits="1"/>
						<line number="14" hits="1"/>
						<line number="17" hits="1"/>
						<line number="25" hits="0"/>
						<line number="26" hits="0"/>
						<line number="27" hits="0"/>
						<line number="28" hits="0"/>
						<line number="30" hits="0"/>
						<line number="31" hits="0"/>
						<line number="34" hits="1"/>
						<line number="35" hits="1"/>
						<line number="36" hits="1"/>
						<line number="37" hits="0"/>
						<line number="38" hits="1"/>
						<line number="40" hits="0"/>
						<line number="41" hits="1"/>
						<line number="44" hits="1"/>
						<line number="45" hits="1"/>
						<line number="46" hits="1"/>
						<line number="49" hits="1"/>
						<line number="50" hits="1"/>
						<line number="51" hits="1"/>
						<line number="54" hits="1"/>
						<line number="55" hits="1"/>
						<line number="56" hits="0"/>
						<line number="57" hits="0"/>
						<line number="59" hits="1"/>
						<line number="60" hits="0"/>
						<line number="61" hits="0"/>
						<line number="62" hits="0"/>
						<line number="63" hits="0"/>
						<line number="64" hits="0"/>
						<line number="67" hits="0"/>
						<line number="73" hits="0"/>
						<line number="74" hits="0"/>
						<line number="75" hits="0"/>
						<line number="78" hits="0"/>
						<line number="79" hits="0"/>
						<line number="81" hits="0"/>
						<line number="82" hits="0"/>
						<line number="83" hits="0"/>
						<line number="84" hits="0"/>
						<line number="85" hits="0"/>
						<line number="86" hits="0"/>
						<line number="89" hits="1"/>
						<line number="90" hits="1"/>
						<line number="91" hits="1"/>
						<line number="92" hits="1"/>
						<line number="93" hits="1"/>
						<line number="94" hits="0"/>
						<line number="95" hits="1"/>
						<line number="96" hits="1"/>
						<line number="97" hits="1"/>
						<line number="100" hits="1"/>
						<line number="107" hits="1"/>
						<line number="108" hits="1"/>
						<line number="116" hits="1"/>
						<line number="128" hits="1"/>
						<line number="130" hits="1"/>
						<line number="133" hits="1"/>
						<line number="135" hits="1"/>
						<line number="138" hits="1"/>
						<line number="139" hits="1"/>
						<line number="142" hits="1"/>
						<line number="143" hits="1"/>
						<line number="144" hits="1"/>
						<line number="145" hits="1"/>
						<line number="146" hits="1"/>
						<line number="147" hits="1"/>
						<line number="148" hits="1"/>
						<line number="149" hits="1"/>
						<line number="152" hits="1"/>
						<line number="153" hits="1"/>
						<line number="156" hits="1"/>
						<line number="157" hits="1"/>
						<line number="158" hits="1"/>
						<line number="159" hits="1"/>
						<line number="160" hits="1"/>
						<line number="161" hits="1"/>
						<line number="162" hits="1"/>
						<line number="163" hits="1"/>
						<line number="166" hits="1"/>
						<line number="167" hits="1"/>
						<line number="168" hits="1"/>
						<line number="169" hits="1"/>
						<line number="170" hits="1"/>
						<line number="171" hits="1"/>
						<line number="172" hits="0"/>
						<line number="173" hits="1"/>
						<line number="174" hits="1"/>
						<line number="175" hits="1"/>
						<line number="176" hits="0"/>
						<line number="177" hits="0"/>
						<line number="180" hits="1"/>
						<line number="181" hits="1"/>
						<line number="182" hits="1"/>
						<line number="185" hits="1"/>
						<line number="186" hits="1"/>
						<line number="187" hits="1"/>
						<line number="188" hits="1"/>
						<line number="191" hits="1"/>
						<line number="192" hits="1"/>
						<line number="193" hits="1"/>
						<line number="194" hits="0"/>
						<line number="195" hits="1"/>
						<line number="196" hits="1"/>
						<line number="197" hits="1"/>
						<line number="198" hits="1"/>
						<line number="199" hits="0"/>
						<line number="202" hits="1"/>
						<line number="203" hits="1"/>
						<line number="204" hits="1"/>
						<line number="205" hits="0"/>
						<line number="206" hits="1"/>
						<line number="207" hits="1"/>
						<line number="208" hits="0"/>
						<line number="209" hits="0"/>
						<line number="210" hits="1"/>
						<line number="211" hits="0"/>
						<line number="212" hits="1"/>
						<line number="213" hits="1"/>
						<line number="214" hits="1"/>
						<line number="215" hits="1"/>
						<line number="216" hits="1"/>
						<line number="219" hits="1"/>
						<line number="220" hits="1"/>
						<line number="223" hits="1"/>
						<line number="224" hits="1"/>
						<line number="225" hits="1"/>
						<line number="226" hits="1"/>
						<line number="227" hits="1"/>
						<line number="228" hits="1"/>
						<line number="229" hits="1"/>
						<line number="230" hits="1"/>
						<line number="235" hits="1"/>
						<line number="236" hits="1"/>
						<line number="237" hits="1"/>
						<line number="238" hits="1"/>
						<line number="239" hits="1"/>
						<line number="240" hits="1"/>
						<line number="241" hits="1"/>
						<line number="242" hits="1"/>
						<line number="247" hits="1"/>
						<line number="248" hits="1"/>
						<line number="249" hits="1"/>
						<line number="250" hits="1"/>
						<line number="251" hits="1"/>
						<line number="256" hits="1"/>
						<line number="257" hits="1"/>
						<line number="258" hits="1"/>
						<line number="259" hits="1"/>
						<line number="260" hits="1"/>
						<line number="261" hits="1"/>
						<line number="262" hits="1"/>
						<line number="263" hits="1"/>
						<line number="264" hits="1"/>
						<line number="265" hits="1"/>
						<line number="266" hits="1"/>
						<line number="267" hits="1"/>
						<line number="268" hits="1"/>
						<line number="269" hits="1"/>
						<line number="270" hits="1"/>
						<line number="271" hits="1"/>
						<line number="272" hits="1"/>
						<line number="273" hits="1"/>
						<line number="274" hits="1"/>
						<line number="275" hits="1"/>
						<line number="276" hits="1"/>
						<line number="277" hits="1"/>
						<line number="278" hits="1"/>
						<line number="283" hits="1"/>
						<line number="284" hits="1"/>
						<line number="285" hits="1"/>
						<line number="286" hits="1"/>
						<line number="287" hits="1"/>
						<line number="288" hits="1"/>
						<line number="289" hits="1"/>
						<line number="290" hits="1"/>
						<line number="293" hits="1"/>
						<line number="294" hits="1"/>
						<line number="295" hits="1"/>
						<line number="296" hits="1"/>
						<line number="297" hits="1"/>
						<line number="298" hits="1"/>
						<line number="299" hits="1"/>
						<line number="300" hits="0"/>
						<line number="303" hits="1"/>
						<line number="305" hits="1"/>
						<line number="306" hits="1"/>
						<line number="307" hits="1"/>
						<line number="308" hits="1"/>
						<line number="309" hits="1"/>
						<line number="310" hits="1"/>
						<line number="313" hits="1"/>
						<line number="314" hits="1"/>
						<line number="315" hits="1"/>
						<line number="317" hits="1"/>
						<line number="318" hits="1"/>
						<line number="319" hits="1"/>
						<line number="320" hits="1"/>
						<line number="323" hits="1"/>
						<line number="324" hits="1"/>
						<line number="325" hits="1"/>
						<line number="326" hits="1"/>
						<line number="327" hits="1"/>
						<line number="328" hits="1"/>
						<line number="329" hits="1"/>
						<line number="330" hits="1"/>
						<line number="331" hits="1"/>
						<line number="332" hits="1"/>
						<line number="333" hits="1"/>
						<line number="334" hits="1"/>
						<line number="335" hits="1"/>
						<line number="337" hits="1"/>
						<line number="338" hits="1"/>
						<line number="339" hits="1"/>
						<line number="340" hits="1"/>
						<line number="341" hits="1"/>
						<line number="342" hits="1"/>
						<line number="343" hits="1"/>
						<line number="345" hits="1"/>
						<line number="346" hits="1"/>
						<line number="347" hits="1"/>
						<line number="348" hits="1"/>
						<line number="349" hits="1"/>
						<line number="350" hits="1"/>
						<line number="351" hits="1"/>
						<line number="352" hits="1"/>
						<line number="353" hits="1"/>
						<line number="354" hits="0"/>
						<line number="355" hits="1"/>
						<line number="357" hits="1"/>
						<line number="360" hits="1"/>
						<line number="361" hits="1"/>
						<line number="362" hits="1"/>
						<line number="363" hits="0"/>
						<line number="365" hits="1"/>
						<line number="366" hits="1"/>
						<line number="367" hits="1"/>
						<line number="368" hits="1"/>
						<line number="369" hits="1"/>
						<line number="370" hits="1"/>
						<line number="373" hits="1"/>
						<line number="374" hits="1"/>
						<line number="375" hits="1"/>
						<line number="377" hits="1"/>
						<line number="378" hits="1"/>
						<line number="379" hits="1"/>
						<line number="380" hits="1"/>
						<line number="381" hits="1"/>
						<line number="382" hits="1"/>
						<line number="383" hits="1"/>
						<line number="384" hits="0"/>
						<line number="385" hits="1"/>
						<line number="386" hits="1"/>
						<line number="387" hits="0"/>
						<line number="388" hits="1"/>
						<line number="389" hits="1"/>
						<line number="399" hits="1"/>
						<line number="402" hits="1"/>
						<line number="403" hits="1"/>
						<line number="404" hits="1"/>
						<line number="406" hits="1"/>
						<line number="407" hits="1"/>
						<line number="408" hits="1"/>
						<line number="409" hits="1"/>
						<line number="410" hits="1"/>
						<line number="411" hits="1"/>
						<line number="412" hits="1"/>
						<line number="413" hits="1"/>
						<line number="414" hits="1"/>
						<line number="415" hits="0"/>
						<line number="416" hits="1"/>
						<line number="417" hits="1"/>
						<line number="418" hits="0"/>
						<line number="419" hits="1"/>
						<line number="420" hits="1"/>
						<line number="426" hits="1"/>
						<line number="427" hits="0"/>
						<line number="428" hits="1"/>
						<line number="429" hits="0"/>
						<line number="430" hits="1"/>
						<line number="431" hits="0"/>
						<line number="432" hits="1"/>
						<line number="434" hits="1"/>
						<line number="437" hits="1"/>
						<line number="440" hits="1"/>
						<line number="441" hits="1"/>
						<line number="442" hits="1"/>
						<line number="443" hits="1"/>
						<line number="444" hits="0"/>
						<line number="445" hits="1"/>
						<line number="446" hits="1"/>
						<line number="449" hits="1"/>
						<line number="450" hits="1"/>
					</lines>
				</class>
			</classes>
		</package>
		<package name="src.bug_resolution_radar.analytics" line-rate="0.8854" branch-rate="0" complexity="0">
			<classes>
				<class name="__init__.py" filename="src/bug_resolution_radar/analytics/__init__.py" complexity="0" line-rate="1" branch-rate="0">
					<methods/>
					<lines/>
				</class>
				<class name="analysis_window.py" filename="src/bug_resolution_radar/analytics/analysis_window.py" complexity="0" line-rate="0.902" branch-rate="0">
					<methods/>
					<lines>
						<line number="3" hits="1"/>
						<line number="5" hits="1"/>
						<line number="6" hits="1"/>
						<line number="8" hits="1"/>
						<line number="10" hits="1"/>
						<line number="13" hits="1"/>
						<line number="14" hits="1"/>
						<line number="15" hits="1"/>
						<line number="16" hits="0"/>
						<line number="17" hits="1"/>
						<line number="20" hits="1"/>
						<line number="22" hits="1"/>
						<line number="23" hits="1"/>
						<line number="24" hits="1"/>
						<line number="25" hits="0"/>
						<line number="26" hits="0"/>
						<line number="27" hits="1"/>
						<line number="28" hits="1"/>
						<line number="29" hits="1"/>
						<line number="32" hits="1"/>
						<line number="34" hits="1"/>
						<line number="35" hits="1"/>
						<line number="37" hits="1"/>
						<line number="38" hits="1"/>
						<line number="39" hits="0"/>
						<line number="41" hits="1"/>
						<line number="42" hits="1"/>
						<line number="43" hits="1"/>
						<line number="44" hits="1"/>
						<line number="47" hits="1"/>
						<line number="49" hits="1"/>
						<line number="50" hits="1"/>
						<line number="53" hits="1"/>
						<line number="60" hits="1"/>
						<line number="61" hits="1"/>
						<line number="62" hits="1"/>
						<line number="65" hits="1"/>
						<line number="72" hits="1"/>
						<line number="73" hits="1"/>
						<line number="75" hits="1"/>
						<line number="76" hits="1"/>
						<line number="77" hits="1"/>
						<line number="78" hits="0"/>
						<line number="80" hits="1"/>
						<line number="81" hits="1"/>
						<line number="82" hits="1"/>
						<line number="83" hits="1"/>
						<line number="85" hits="1"/>
						<line number="86" hits="1"/>
						<line number="87" hits="1"/>
						<line number="88" hits="1"/>
					</lines>
				</class>
				<class name="duplicates.py" filename="src/bug_resolution_radar/analytics/duplicates.py" complexity="0" line-rate="0.8514" branch-rate="0">
					<methods/>
					<lines>
						<line number="3" hits="1"/>
						<line number="5" hits="1"/>
						<line number="6" hits="1"/>
						<line number="8" hits="1"/>
						<line number="11" hits="1"/>
						<line number="12" hits="1"/>
						<line number="15" hits="1"/>
						<line number="16" hits="1"/>
						<line number="19" hits="1"/>
						<line number="25" hits="1"/>
						<line number="26" hits="0"/>
						<line number="27" hits="1"/>
						<line number="28" hits="1"/>
						<line number="29" hits="1"/>
						<line number="30" hits="0"/>
						<line number="31" hits="1"/>
						<line number="34" hits="1"/>
						<line number="40" hits="1"/>
						<line number="41" hits="1"/>
						<line number="42" hits="0"/>
						<line number="43" hits="1"/>
						<line number="44" hits="1"/>
						<line number="45" hits="1"/>
						<line number="46" hits="1"/>
						<line number="49" hits="1"/>
						<line number="61" hits="1"/>
						<line number="67" hits="0"/>
						<line number="69" hits="1"/>
						<line number="70" hits="1"/>
						<line number="71" hits="1"/>
						<line number="72" hits="1"/>
						<line number="73" hits="1"/>
						<line number="74" hits="0"/>
						<line number="76" hits="1"/>
						<line number="77" hits="1"/>
						<line number="79" hits="1"/>
						<line number="80" hits="1"/>
						<line number="81" hits="0"/>
						<line number="83" hits="1"/>
						<line number="84" hits="1"/>
						<line number="85" hits="1"/>
						<line number="87" hits="1"/>
						<line number="88" hits="1"/>
						<line number="90" hits="1"/>
						<line number="91" hits="1"/>
						<line number="92" hits="1"/>
						<line number="93" hits="1"/>
						<line number="94" hits="0"/>
						<line number="95" hits="1"/>
						<line number="96" hits="1"/>
						<line number="97" hits="1"/>
						<line number="98" hits="1"/>
						<line number="99" hits="1"/>
						<line number="100" hits="0"/>
						<line number="101" hits="1"/>
						<line number="102" hits="0"/>
						<line number="103" hits="1"/>
						<line number="104" hits="1"/>
						<line number="105" hits="1"/>
						<line number="106" hits="1"/>
						<line number="107" hits="1"/>
						<line number="110" hits="1"/>
						<line number="116" hits="1"/>
						<line number="117" hits="1"/>
						<line number="118" hits="1"/>
						<line number="119" hits="1"/>
						<line number="120" hits="0"/>
						<line number="121" hits="1"/>
						<line number="122" hits="1"/>
						<line number="123" hits="1"/>
						<line number="125" hits="1"/>
						<line number="126" hits="1"/>
						<line number="127" hits="1"/>
						<line number="128" hits="0"/>
					</lines>
				</class>
				<class name="insights.py" filename="src/bug_resolution_radar/analytics/insights.py" complexity="0" line-rate="0.8942" branch-rate="0">
					<methods/>
					<lines>
						<line number="3" hits="1"/>
						<line number="5" hits="1"/>
						<line number="6" hits="1"/>
						<line number="7" hits="1"/>
						<line number="9" hits="1"/>
						<line number="11" hits="1"/>
						<line number="14" hits="1"/>
						<line number="55" hits="1"/>
						<line number="56" hits="1"/>
						<line number="57" hits="0"/>
						<line number="58" hits="1"/>
						<line number="59" hits="1"/>
						<line number="60" hits="1"/>
						<line number="63" hits="1"/>
						<line number="64" hits="1"/>
						<line number="65" hits="1"/>
						<line number="66" hits="1"/>
						<line number="68" hits="1"/>
						<line number="69" hits="1"/>
						<line number="70" hits="1"/>
						<line number="71" hits="1"/>
						<line number="72" hits="1"/>
						<line number="74" hits="1"/>
						<line number="75" hits="1"/>
						<line number="76" hits="1"/>
						<line number="77" hits="1"/>
						<line number="78" hits="0"/>
						<line number="79" hits="1"/>
						<line number="80" hits="0"/>
						<line number="81" hits="1"/>
						<line number="82" hits="1"/>
						<line number="83" hits="1"/>
						<line number="86" hits="1"/>
						<line number="87" hits="1"/>
						<line number="88" hits="1"/>
						<line number="89" hits="1"/>
						<line number="90" hits="1"/>
						<line number="91" hits="1"/>
						<line number="92" hits="1"/>
						<line number="95" hits="1"/>
						<line number="111" hits="1"/>
						<line number="112" hits="1"/>
						<line number="114" hits="1"/>
						<line number="115" hits="1"/>
						<line number="116" hits="1"/>
						<line number="117" hits="1"/>
						<line number="118" hits="1"/>
						<line number="120" hits="1"/>
						<line number="121" hits="1"/>
						<line number="122" hits="1"/>
						<line number="124" hits="1"/>
						<line number="125" hits="1"/>
						<line number="126" hits="0"/>
						<line number="127" hits="1"/>
						<line number="128" hits="0"/>
						<line number="130" hits="1"/>
						<line number="131" hits="1"/>
						<line number="132" hits="1"/>
						<line number="137" hits="1"/>
						<line number="143" hits="1"/>
						<line number="144" hits="1"/>
						<line number="145" hits="1"/>
						<line number="148" hits="1"/>
						<line number="150" hits="1"/>
						<line number="151" hits="1"/>
						<line number="152" hits="1"/>
						<line number="153" hits="1"/>
						<line number="154" hits="0"/>
						<line number="155" hits="1"/>
						<line number="157" hits="1"/>
						<line number="159" hits="1"/>
						<line number="160" hits="1"/>
						<line number="161" hits="0"/>
						<line number="162" hits="1"/>
						<line number="163" hits="1"/>
						<line number="164" hits="1"/>
						<line number="165" hits="0"/>
						<line number="166" hits="1"/>
						<line number="167" hits="1"/>
						<line number="168" hits="1"/>
						<line number="169" hits="1"/>
						<line number="171" hits="1"/>
						<line number="172" hits="1"/>
						<line number="173" hits="0"/>
						<line number="174" hits="1"/>
						<line number="175" hits="1"/>
						<line number="176" hits="0"/>
						<line number="177" hits="1"/>
						<line number="178" hits="1"/>
						<line number="179" hits="0"/>
						<line number="180" hits="1"/>
						<line number="181" hits="1"/>
						<line number="182" hits="1"/>
						<line number="184" hits="1"/>
						<line number="185" hits="1"/>
						<line number="186" hits="1"/>
						<line number="188" hits="1"/>
						<line number="189" hits="1"/>
						<line number="190" hits="1"/>
						<line number="191" hits="1"/>
						<line number="193" hits="1"/>
						<line number="194" hits="1"/>
						<line number="204" hits="1"/>
						<line number="205" hits="1"/>
					</lines>
				</class>
				<class name="kpis.py" filename="src/bug_resolution_radar/analytics/kpis.py" complexity="0" line-rate="0.9684" branch-rate="0">
					<methods/>
					<lines>
						<line number="3" hits="1"/>
						<line number="5" hits="1"/>
						<line number="6" hits="1"/>
						<line number="8" hits="1"/>
						<line number="9" hits="1"/>
						<line number="11" hits="1"/>
						<line number="13" hits="1"/>
						<line number="15" hits="1"/>
						<line number="18" hits="1"/>
						<line number="19" hits="1"/>
						<line number="22" hits="1"/>
						<line number="23" hits="1"/>
						<line number="24" hits="0"/>
						<line number="25" hits="1"/>
						<line number="26" hits="1"/>
						<line number="28" hits="1"/>
						<line number="29" hits="1"/>
						<line number="30" hits="1"/>
						<line number="31" hits="1"/>
						<line number="32" hits="1"/>
						<line number="33" hits="1"/>
						<line number="34" hits="1"/>
						<line number="35" hits="1"/>
						<line number="36" hits="1"/>
						<line number="37" hits="1"/>
						<line number="38" hits="1"/>
						<line number="39" hits="1"/>
						<line number="41" hits="1"/>
						<line number="42" hits="1"/>
						<line number="44" hits="1"/>
						<line number="45" hits="1"/>
						<line number="46" hits="1"/>
						<line number="47" hits="1"/>
						<line number="48" hits="1"/>
						<line number="49" hits="1"/>
						<line number="52" hits="1"/>
						<line number="53" hits="1"/>
						<line number="61" hits="1"/>
						<line number="64" hits="1"/>
						<line number="70" hits="1"/>
						<line number="71" hits="1"/>
						<line number="72" hits="1"/>
						<line number="74" hits="1"/>
						<line number="75" hits="1"/>
						<line number="87" hits="1"/>
						<line number="88" hits="1"/>
						<line number="89" hits="1"/>
						<line number="90" hits="1"/>
						<line number="91" hits="1"/>
						<line number="93" hits="1"/>
						<line number="94" hits="1"/>
						<line number="96" hits="1"/>
						<line number="98" hits="1"/>
						<line number="99" hits="1"/>
						<line number="101" hits="1"/>
						<line number="103" hits="1"/>
						<line number="104" hits="1"/>
						<line number="105" hits="1"/>
						<line number="106" hits="1"/>
						<line number="107" hits="1"/>
						<line number="108" hits="1"/>
						<line number="110" hits="1"/>
						<line number="111" hits="1"/>
						<line number="112" hits="0"/>
						<line number="113" hits="1"/>
						<line number="114" hits="1"/>
						<line number="116" hits="1"/>
						<line number="118" hits="1"/>
						<line number="126" hits="1"/>
						<line number="127" hits="1"/>
						<line number="128" hits="1"/>
						<line number="130" hits="1"/>
						<line number="131" hits="1"/>
						<line number="132" hits="1"/>
						<line number="138" hits="1"/>
						<line number="141" hits="1"/>
						<line number="143" hits="0"/>
						<line number="145" hits="1"/>
						<line number="146" hits="1"/>
						<line number="147" hits="1"/>
						<line number="148" hits="1"/>
						<line number="150" hits="1"/>
						<line number="155" hits="1"/>
						<line number="163" hits="1"/>
						<line number="164" hits="1"/>
						<line number="166" hits="1"/>
						<line number="167" hits="1"/>
						<line number="168" hits="1"/>
						<line number="169" hits="1"/>
						<line number="170" hits="1"/>
						<line number="171" hits="1"/>
						<line number="175" hits="1"/>
						<line number="176" hits="1"/>
						<line number="186" hits="1"/>
						<line number="188" hits="1"/>
					</lines>
				</class>
				<class name="status_semantics.py" filename="src/bug_resolution_radar/analytics/status_semantics.py" complexity="0" line-rate="0.7667" branch-rate="0">
					<methods/>
					<lines>
						<line number="3" hits="1"/>
						<line number="5" hits="1"/>
						<line number="6" hits="1"/>
						<line number="8" hits="1"/>
						<line number="10" hits="1"/>
						<line number="21" hits="1"/>
						<line number="28" hits="1"/>
						<line number="29" hits="1"/>
						<line number="30" hits="1"/>
						<line number="31" hits="0"/>
						<line number="32" hits="1"/>
						<line number="33" hits="1"/>
						<line number="36" hits="1"/>
						<line number="37" hits="1"/>
						<line number="38" hits="1"/>
						<line number="39" hits="0"/>
						<line number="40" hits="1"/>
						<line number="43" hits="1"/>
						<line number="50" hits="1"/>
						<line number="51" hits="1"/>
						<line number="52" hits="0"/>
						<line number="53" hits="1"/>
						<line number="56" hits="1"/>
						<line number="58" hits="1"/>
						<line number="59" hits="0"/>
						<line number="60" hits="1"/>
						<line number="61" hits="1"/>
						<line number="63" hits="1"/>
						<line number="64" hits="0"/>
						<line number="65" hits="0"/>
						<line number="66" hits="0"/>
						<line number="67" hits="0"/>
						<line number="68" hits="0"/>
						<line number="69" hits="1"/>
						<line number="72" hits="1"/>
						<line number="90" hits="1"/>
						<line number="91" hits="0"/>
						<line number="92" hits="1"/>
						<line number="93" hits="0"/>
						<line number="95" hits="1"/>
						<line number="100" hits="1"/>
						<line number="106" hits="1"/>
						<line number="111" hits="1"/>
						<line number="113" hits="1"/>
						<line number="115" hits="1"/>
						<line number="116" hits="1"/>
						<line number="117" hits="0"/>
						<line number="119" hits="1"/>
						<line number="122" hits="1"/>
						<line number="134" hits="1"/>
						<line number="135" hits="0"/>
						<line number="136" hits="1"/>
						<line number="137" hits="0"/>
						<line number="139" hits="1"/>
						<line number="140" hits="1"/>
						<line number="141" hits="1"/>
						<line number="143" hits="1"/>
						<line number="144" hits="1"/>
						<line number="145" hits="1"/>
						<line number="147" hits="1"/>
					</lines>
				</class>
			</classes>
		</package>
		<package name="src.bug_resolution_radar.common" line-rate="0.9205" branch-rate="0" complexity="0">
			<classes>
				<class name="__init__.py" filename="src/bug_resolution_radar/common/__init__.py" complexity="0" line-rate="1" branch-rate="0">
					<methods/>
					<lines/>
				</class>
				<class name="security.py" filename="src/bug_resolution_radar/common/security.py" complexity="0" line-rate="0.9014" branch-rate="0">
					<methods/>
					<lines>
						<line number="3" hits="1"/>
						<line number="5" hits="1"/>
						<line number="6" hits="1"/>
						<line number="7" hits="1"/>
						<line number="8" hits="1"/>
						<line number="10" hits="1"/>
						<line number="12" hits="1"/>
						<line number="18" hits="1"/>
						<line number="21" hits="1"/>
						<line number="22" hits="1"/>
						<line number="23" hits="0"/>
						<line number="24" hits="1"/>
						<line number="25" hits="1"/>
						<line number="26" hits="1"/>
						<line number="29" hits="1"/>
						<line number="30" hits="1"/>
						<line number="31" hits="1"/>
						<line number="32" hits="1"/>
						<line number="33" hits="1"/>
						<line number="36" hits="1"/>
						<line number="37" hits="1"/>
						<line number="38" hits="1"/>
						<line number="39" hits="0"/>
						<line number="40" hits="1"/>
						<line number="41" hits="1"/>
						<line number="43" hits="1"/>
						<line number="44" hits="1"/>
						<line number="45" hits="1"/>
						<line number="46" hits="1"/>
						<line number="48" hits="1"/>
						<line number="58" hits="1"/>
						<line number="67" hits="1"/>
						<line number="68" hits="1"/>
						<line number="69" hits="1"/>
						<line number="71" hits="1"/>
						<line number="72" hits="1"/>
						<line number="73" hits="1"/>
						<line number="74" hits="1"/>
						<line number="75" hits="0"/>
						<line number="76" hits="1"/>
						<line number="77" hits="1"/>
						<line number="78" hits="1"/>
						<line number="79" hits="1"/>
						<line number="81" hits="1"/>
						<line number="82" hits="1"/>
						<line number="85" hits="1"/>
						<line number="92" hits="1"/>
						<line number="93" hits="1"/>
						<line number="95" hits="1"/>
						<line number="96" hits="1"/>
						<line number="97" hits="1"/>
						<line number="98" hits="1"/>
						<line number="99" hits="1"/>
						<line number="101" hits="1"/>
						<line number="102" hits="1"/>
						<line number="103" hits="1"/>
						<line number="104" hits="1"/>
						<line number="105" hits="0"/>
						<line number="107" hits="1"/>
						<line number="108" hits="1"/>
						<line number="109" hits="1"/>
						<line number="112" hits="1"/>
						<line number="113" hits="1"/>
						<line number="114" hits="1"/>
						<line number="115" hits="0"/>
						<line number="117" hits="1"/>
						<line number="119" hits="1"/>
						<line number="120" hits="0"/>
						<line number="121" hits="1"/>
						<line number="124" hits="1"/>
						<line number="125" hits="0"/>
					</lines>
				</class>
				<class name="utils.py" filename="src/bug_resolution_radar/common/utils.py" complexity="0" line-rate="1" branch-rate="0">
					<methods/>
					<lines>
						<line number="3" hits="1"/>
						<line number="5" hits="1"/>
						<line number="6" hits="1"/>
						<line number="9" hits="1"/>
						<line number="10" hits="1"/>
						<line number="13" hits="1"/>
						<line number="14" hits="1"/>
						<line number="17" hits="1"/>
						<line number="18" hits="1"/>
						<line number="19" hits="1"/>
						<line number="20" hits="1"/>
						<line number="21" hits="1"/>
						<line number="22" hits="1"/>
						<line number="23" hits="1"/>
						<line number="24" hits="1"/>
						<line number="25" hits="1"/>
						<line number="26" hits="1"/>
					</lines>
				</class>
			</classes>
		</package>
		<package name="src.bug_resolution_radar.models" line-rate="1" branch-rate="0" complexity="0">
			<classes>
				<class name="__init__.py" filename="src/bug_resolution_radar/models/__init__.py" complexity="0" line-rate="1" branch-rate="0">
					<methods/>
					<lines/>
				</class>
				<class name="schema.py" filename="src/bug_resolution_radar/models/schema.py" complexity="0" line-rate="1" branch-rate="0">
					<methods/>
					<lines>
						<line number="3" hits="1"/>
						<line number="5" hits="1"/>
						<line number="6" hits="1"/>
						<line number="8" hits="1"/>
						<line number="14" hits="1"/>
						<line number="15" hits="1"/>
						<line number="17" hits="1"/>
						<line number="18" hits="1"/>
						<line number="19" hits="1"/>
						<line number="20" hits="1"/>
						<line number="21" hits="1"/>
						<line number="22" hits="1"/>
						<line number="23" hits="1"/>
						<line number="24" hits="1"/>
						<line number="25" hits="1"/>
						<line number="26" hits="1"/>
						<line number="27" hits="1"/>
						<line number="28" hits="1"/>
						<line number="29" hits="1"/>
						<line number="30" hits="1"/>
						<line number="31" hits="1"/>
						<line number="32" hits="1"/>
						<line number="33" hits="1"/>
						<line number="34" hits="1"/>
						<line number="35" hits="1"/>
						<line number="36" hits="1"/>
						<line number="39" hits="1"/>
						<line number="40" hits="1"/>
						<line number="42" hits="1"/>
						<line number="43" hits="1"/>
						<line number="44" hits="1"/>
						<line number="45" hits="1"/>
						<line number="46" hits="1"/>
						<line number="48" hits="1"/>
						<line number="49" hits="1"/>
						<line number="50" hits="1"/>
					</lines>
				</class>
				<class name="schema_helix.py" filename="src/bug_resolution_radar/models/schema_helix.py" complexity="0" line-rate="1" branch-rate="0">
					<methods/>
					<lines>
						<line number="3" hits="1"/>
						<line number="5" hits="1"/>
						<line number="6" hits="1"/>
						<line number="8" hits="1"/>
						<line number="11" hits="1"/>
						<line number="12" hits="1"/>
						<line number="14" hits="1"/>
						<line number="15" hits="1"/>
						<line number="16" hits="1"/>
						<line number="17" hits="1"/>
						<line number="18" hits="1"/>
						<line number="19" hits="1"/>
						<line number="20" hits="1"/>
						<line number="21" hits="1"/>
						<line number="22" hits="1"/>
						<line number="23" hits="1"/>
						<line number="24" hits="1"/>
						<line number="25" hits="1"/>
						<line number="26" hits="1"/>
						<line number="27" hits="1"/>
						<line number="28" hits="1"/>
						<line number="29" hits="1"/>
						<line number="30" hits="1"/>
						<line number="31" hits="1"/>
						<line number="32" hits="1"/>
						<line number="33" hits="1"/>
						<line number="34" hits="1"/>
						<line number="35" hits="1"/>
						<line number="38" hits="1"/>
						<line number="39" hits="1"/>
						<line number="41" hits="1"/>
						<line number="42" hits="1"/>
						<line number="43" hits="1"/>
						<line number="44" hits="1"/>
						<line number="45" hits="1"/>
						<line number="47" hits="1"/>
						<line number="48" hits="1"/>
						<line number="49" hits="1"/>
					</lines>
				</class>
			</classes>
		</package>
		<package name="src.bug_resolution_radar.reports" line-rate="0.8759" branch-rate="0" complexity="0">
			<classes>
				<class name="__init__.py" filename="src/bug_resolution_radar/reports/__init__.py" complexity="0" line-rate="1" branch-rate="0">
					<methods/>
					<lines>
						<line number="3" hits="1"/>
						<line number="5" hits="1"/>
					</lines>
				</class>
				<class name="executive_ppt.py" filename="src/bug_resolution_radar/reports/executive_ppt.py" complexity="0" line-rate="0.8758" branch-rate="0">
					<methods/>
					<lines>
						<line number="3" hits="1"/>
						<line number="5" hits="1"/>
						<line number="6" hits="1"/>
						<line number="7" hits="1"/>
						<line number="8" hits="1"/>
						<line number="9" hits="1"/>
						<line number="10" hits="1"/>
						<line number="11" hits="1"/>
						<line number="12" hits="1"/>
						<line number="13" hits="1"/>
						<line number="14" hits="1"/>
						<line number="15" hits="1"/>
						<line number="16" hits="1"/>
						<line number="17" hits="1"/>
						<line number="18" hits="1"/>
						<line number="19" hits="1"/>
						<line number="20" hits="1"/>
						<line number="21" hits="1"/>
						<line number="22" hits="1"/>
						<line number="24" hits="1"/>
						<line number="25" hits="1"/>
						<line number="26" hits="1"/>
						<line number="27" hits="1"/>
						<line number="28" hits="1"/>
						<line number="29" hits="1"/>
						<line number="30" hits="1"/>
						<line number="31" hits="1"/>
						<line number="32" hits="1"/>
						<line number="34" hits="1"/>
						<line number="39" hits="1"/>
						<line number="40" hits="1"/>
						<line number="41" hits="1"/>
						<line number="45" hits="1"/>
						<line number="46" hits="1"/>
						<line number="84" hits="1"/>
						<line number="85" hits="1"/>
						<line number="86" hits="1"/>
						<line number="92" hits="1"/>
						<line number="94" hits="1"/>
						<line number="95" hits="1"/>
						<line number="96" hits="1"/>
						<line number="97" hits="1"/>
						<line number="98" hits="1"/>
						<line number="99" hits="1"/>
						<line number="100" hits="1"/>
						<line number="101" hits="1"/>
						<line number="102" hits="1"/>
						<line number="103" hits="1"/>
						<line number="105" hits="1"/>
						<line number="106" hits="1"/>
						<line number="108" hits="1"/>
						<line number="109" hits="1"/>
						<line number="110" hits="1"/>
						<line number="111" hits="1"/>
						<line number="113" hits="1"/>
						<line number="154" hits="1"/>
						<line number="181" hits="1"/>
						<line number="196" hits="1"/>
						<line number="209" hits="1"/>
						<line number="217" hits="1"/>
						<line number="225" hits="1"/>
						<line number="234" hits="1"/>
						<line number="235" hits="1"/>
						<line number="238" hits="1"/>
						<line number="239" hits="1"/>
						<line number="240" hits="1"/>
						<line number="241" hits="1"/>
						<line number="242" hits="1"/>
						<line number="243" hits="1"/>
						<line number="244" hits="1"/>
						<line number="245" hits="1"/>
						<line number="246" hits="1"/>
						<line number="247" hits="1"/>
						<line number="250" hits="1"/>
						<line number="251" hits="1"/>
						<line number="252" hits="1"/>
						<line number="253" hits="1"/>
						<line number="254" hits="1"/>
						<line number="255" hits="1"/>
						<line number="256" hits="1"/>
						<line number="258" hits="1"/>
						<line number="259" hits="0"/>
						<line number="261" hits="1"/>
						<line number="262" hits="1"/>
						<line number="263" hits="1"/>
						<line number="264" hits="1"/>
						<line number="265" hits="1"/>
						<line number="266" hits="1"/>
						<line number="267" hits="0"/>
						<line number="268" hits="1"/>
						<line number="269" hits="0"/>
						<line number="270" hits="1"/>
						<line number="271" hits="1"/>
						<line number="272" hits="1"/>
						<line number="274" hits="1"/>
						<line number="275" hits="1"/>
						<line number="276" hits="1"/>
						<line number="277" hits="1"/>
						<line number="278" hits="1"/>
						<line number="279" hits="1"/>
						<line number="280" hits="1"/>
						<line number="281" hits="0"/>
						<line number="283" hits="1"/>
						<line number="284" hits="1"/>
						<line number="285" hits="1"/>
						<line number="286" hits="1"/>
						<line number="287" hits="1"/>
						<line number="288" hits="1"/>
						<line number="289" hits="1"/>
						<line number="290" hits="1"/>
						<line number="291" hits="1"/>
						<line number="294" hits="1"/>
						<line number="295" hits="1"/>
						<line number="296" hits="1"/>
						<line number="297" hits="1"/>
						<line number="298" hits="1"/>
						<line number="299" hits="1"/>
						<line number="300" hits="1"/>
						<line number="301" hits="1"/>
						<line number="302" hits="1"/>
						<line number="305" hits="1"/>
						<line number="306" hits="1"/>
						<line number="307" hits="1"/>
						<line number="308" hits="1"/>
						<line number="309" hits="1"/>
						<line number="310" hits="1"/>
						<line number="311" hits="1"/>
						<line number="312" hits="1"/>
						<line number="313" hits="1"/>
						<line number="314" hits="1"/>
						<line number="315" hits="1"/>
						<line number="318" hits="1"/>
						<line number="319" hits="1"/>
						<line number="320" hits="1"/>
						<line number="321" hits="0"/>
						<line number="322" hits="1"/>
						<line number="325" hits="1"/>
						<line number="326" hits="1"/>
						<line number="327" hits="1"/>
						<line number="328" hits="1"/>
						<line number="331" hits="1"/>
						<line number="332" hits="1"/>
						<line number="335" hits="1"/>
						<line number="336" hits="1"/>
						<line number="337" hits="0"/>
						<line number="338" hits="1"/>
						<line number="339" hits="1"/>
						<line number="340" hits="1"/>
						<line number="341" hits="1"/>
						<line number="342" hits="0"/>
						<line number="343" hits="1"/>
						<line number="344" hits="0"/>
						<line number="347" hits="1"/>
						<line number="348" hits="1"/>
						<line number="349" hits="1"/>
						<line number="352" hits="1"/>
						<line number="353" hits="1"/>
						<line number="354" hits="1"/>
						<line number="355" hits="0"/>
						<line number="357" hits="1"/>
						<line number="358" hits="1"/>
						<line number="359" hits="0"/>
						<line number="360" hits="1"/>
						<line number="361" hits="1"/>
						<line number="362" hits="1"/>
						<line number="363" hits="1"/>
						<line number="364" hits="1"/>
						<line number="367" hits="1"/>
						<line number="368" hits="1"/>
						<line number="369" hits="0"/>
						<line number="371" hits="1"/>
						<line number="372" hits="1"/>
						<line number="373" hits="1"/>
						<line number="375" hits="1"/>
						<line number="376" hits="1"/>
						<line number="377" hits="1"/>
						<line number="378" hits="1"/>
						<line number="379" hits="1"/>
						<line number="382" hits="1"/>
						<line number="383" hits="1"/>
						<line number="384" hits="1"/>
						<line number="386" hits="1"/>
						<line number="388" hits="1"/>
						<line number="389" hits="1"/>
						<line number="390" hits="1"/>
						<line number="392" hits="1"/>
						<line number="393" hits="1"/>
						<line number="394" hits="1"/>
						<line number="396" hits="1"/>
						<line number="397" hits="1"/>
						<line number="398" hits="1"/>
						<line number="400" hits="1"/>
						<line number="403" hits="1"/>
						<line number="404" hits="1"/>
						<line number="405" hits="1"/>
						<line number="406" hits="1"/>
						<line number="407" hits="1"/>
						<line number="408" hits="1"/>
						<line number="409" hits="1"/>
						<line number="412" hits="1"/>
						<line number="413" hits="1"/>
						<line number="414" hits="1"/>
						<line number="415" hits="1"/>
						<line number="416" hits="1"/>
						<line number="417" hits="1"/>
						<line number="418" hits="1"/>
						<line number="419" hits="1"/>
						<line number="420" hits="1"/>
						<line number="423" hits="1"/>
						<line number="424" hits="1"/>
						<line number="425" hits="1"/>
						<line number="426" hits="0"/>
						<line number="427" hits="1"/>
						<line number="430" hits="1"/>
						<line number="431" hits="1"/>
						<line number="432" hits="1"/>
						<line number="433" hits="1"/>
						<line number="434" hits="1"/>
						<line number="437" hits="1"/>
						<line number="438" hits="1"/>
						<line number="439" hits="1"/>
						<line number="440" hits="1"/>
						<line number="441" hits="1"/>
						<line number="442" hits="1"/>
						<line number="443" hits="1"/>
						<line number="444" hits="1"/>
						<line number="445" hits="1"/>
						<line number="448" hits="1"/>
						<line number="449" hits="1"/>
						<line number="450" hits="1"/>
						<line number="451" hits="0"/>
						<line number="452" hits="1"/>
						<line number="453" hits="1"/>
						<line number="454" hits="0"/>
						<line number="455" hits="1"/>
						<line number="458" hits="1"/>
						<line number="460" hits="1"/>
						<line number="461" hits="1"/>
						<line number="462" hits="0"/>
						<line number="464" hits="1"/>
						<line number="466" hits="1"/>
						<line number="467" hits="1"/>
						<line number="468" hits="1"/>
						<line number="470" hits="0"/>
						<line number="473" hits="1"/>
						<line number="476" hits="1"/>
						<line number="477" hits="1"/>
						<line number="480" hits="1"/>
						<line number="481" hits="1"/>
						<line number="482" hits="0"/>
						<line number="483" hits="1"/>
						<line number="486" hits="1"/>
						<line number="487" hits="1"/>
						<line number="491" hits="1"/>
						<line number="492" hits="1"/>
						<line number="493" hits="1"/>
						<line number="494" hits="1"/>
						<line number="495" hits="1"/>
						<line number="496" hits="1"/>
						<line number="498" hits="0"/>
						<line number="500" hits="1"/>
						<line number="501" hits="0"/>
						<line number="502" hits="0"/>
						<line number="503" hits="1"/>
						<line number="504" hits="0"/>
						<line number="505" hits="0"/>
						<line number="506" hits="1"/>
						<line number="509" hits="1"/>
						<line number="510" hits="1"/>
						<line number="511" hits="1"/>
						<line number="512" hits="1"/>
						<line number="513" hits="1"/>
						<line number="515" hits="1"/>
						<line number="516" hits="1"/>
						<line number="517" hits="0"/>
						<line number="518" hits="0"/>
						<line number="520" hits="1"/>
						<line number="521" hits="1"/>
						<line number="524" hits="1"/>
						<line number="533" hits="1"/>
						<line number="534" hits="1"/>
						<line number="535" hits="1"/>
						<line number="536" hits="1"/>
						<line number="537" hits="1"/>
						<line number="538" hits="1"/>
						<line number="539" hits="1"/>
						<line number="540" hits="1"/>
						<line number="541" hits="1"/>
						<line number="542" hits="0"/>
						<line number="543" hits="1"/>
						<line number="544" hits="1"/>
						<line number="545" hits="1"/>
						<line number="546" hits="1"/>
						<line number="547" hits="1"/>
						<line number="548" hits="1"/>
						<line number="551" hits="1"/>
						<line number="552" hits="1"/>
						<line number="553" hits="1"/>
						<line number="584" hits="1"/>
						<line number="587" hits="1"/>
						<line number="588" hits="1"/>
						<line number="589" hits="1"/>
						<line number="590" hits="1"/>
						<line number="591" hits="1"/>
						<line number="592" hits="1"/>
						<line number="593" hits="1"/>
						<line number="596" hits="1"/>
						<line number="606" hits="1"/>
						<line number="611" hits="1"/>
						<line number="612" hits="0"/>
						<line number="613" hits="1"/>
						<line number="614" hits="1"/>
						<line number="615" hits="0"/>
						<line number="617" hits="1"/>
						<line number="619" hits="1"/>
						<line number="620" hits="1"/>
						<line number="621" hits="1"/>
						<line number="622" hits="1"/>
						<line number="629" hits="1"/>
						<line number="630" hits="1"/>
						<line number="631" hits="1"/>
						<line number="633" hits="1"/>
						<line number="634" hits="1"/>
						<line number="635" hits="1"/>
						<line number="636" hits="1"/>
						<line number="637" hits="1"/>
						<line number="646" hits="1"/>
						<line number="649" hits="1"/>
						<line number="650" hits="1"/>
						<line number="651" hits="1"/>
						<line number="653" hits="1"/>
						<line number="654" hits="1"/>
						<line number="655" hits="1"/>
						<line number="656" hits="1"/>
						<line number="657" hits="0"/>
						<line number="658" hits="1"/>
						<line number="659" hits="1"/>
						<line number="660" hits="1"/>
						<line number="662" hits="1"/>
						<line number="663" hits="1"/>
						<line number="674" hits="1"/>
						<line number="675" hits="1"/>
						<line number="676" hits="1"/>
						<line number="677" hits="1"/>
						<line number="678" hits="1"/>
						<line number="679" hits="1"/>
						<line number="680" hits="1"/>
						<line number="681" hits="1"/>
						<line number="682" hits="1"/>
						<line number="685" hits="1"/>
						<line number="690" hits="1"/>
						<line number="691" hits="1"/>
						<line number="692" hits="0"/>
						<line number="694" hits="1"/>
						<line number="695" hits="1"/>
						<line number="696" hits="1"/>
						<line number="697" hits="0"/>
						<line number="698" hits="0"/>
						<line number="700" hits="1"/>
						<line number="702" hits="1"/>
						<line number="704" hits="1"/>
						<line number="705" hits="1"/>
						<line number="706" hits="1"/>
						<line number="707" hits="0"/>
						<line number="709" hits="1"/>
						<line number="710" hits="1"/>
						<line number="711" hits="1"/>
						<line number="713" hits="1"/>
						<line number="714" hits="1"/>
						<line number="716" hits="1"/>
						<line number="718" hits="1"/>
						<line number="721" hits="1"/>
						<line number="722" hits="1"/>
						<line number="723" hits="0"/>
						<line number="725" hits="1"/>
						<line number="726" hits="1"/>
						<line number="727" hits="1"/>
						<line number="728" hits="1"/>
						<line number="729" hits="1"/>
						<line number="730" hits="1"/>
						<line number="731" hits="1"/>
						<line number="732" hits="1"/>
						<line number="734" hits="1"/>
						<line number="736" hits="1"/>
						<line number="743" hits="1"/>
						<line number="744" hits="1"/>
						<line number="745" hits="1"/>
						<line number="746" hits="1"/>
						<line number="751" hits="1"/>
						<line number="752" hits="1"/>
						<line number="753" hits="1"/>
						<line number="755" hits="1"/>
						<line number="756" hits="1"/>
						<line number="758" hits="1"/>
						<line number="767" hits="1"/>
						<line number="768" hits="1"/>
						<line number="769" hits="1"/>
						<line number="770" hits="1"/>
						<line number="772" hits="1"/>
						<line number="774" hits="1"/>
						<line number="789" hits="0"/>
						<line number="798" hits="1"/>
						<line number="799" hits="1"/>
						<line number="801" hits="1"/>
						<line number="802" hits="1"/>
						<line number="803" hits="1"/>
						<line number="806" hits="1"/>
						<line number="807" hits="0"/>
						<line number="810" hits="1"/>
						<line number="811" hits="0"/>
						<line number="812" hits="1"/>
						<line number="813" hits="1"/>
						<line number="815" hits="1"/>
						<line number="816" hits="1"/>
						<line number="817" hits="1"/>
						<line number="822" hits="1"/>
						<line number="823" hits="1"/>
						<line number="824" hits="1"/>
						<line number="825" hits="0"/>
						<line number="832" hits="1"/>
						<line number="833" hits="1"/>
						<line number="834" hits="0"/>
						<line number="844" hits="1"/>
						<line number="845" hits="0"/>
						<line number="856" hits="1"/>
						<line number="857" hits="1"/>
						<line number="868" hits="1"/>
						<line number="869" hits="0"/>
						<line number="880" hits="1"/>
						<line number="881" hits="1"/>
						<line number="891" hits="1"/>
						<line number="892" hits="1"/>
						<line number="893" hits="0"/>
						<line number="894" hits="1"/>
						<line number="895" hits="0"/>
						<line number="897" hits="1"/>
						<line number="904" hits="1"/>
						<line number="905" hits="1"/>
						<line number="906" hits="1"/>
						<line number="907" hits="1"/>
						<line number="908" hits="1"/>
						<line number="909" hits="0"/>
						<line number="910" hits="0"/>
						<line number="911" hits="1"/>
						<line number="912" hits="1"/>
						<line number="914" hits="1"/>
						<line number="915" hits="1"/>
						<line number="916" hits="1"/>
						<line number="917" hits="1"/>
						<line number="918" hits="1"/>
						<line number="919" hits="1"/>
						<line number="920" hits="0"/>
						<line number="921" hits="1"/>
						<line number="922" hits="1"/>
						<line number="923" hits="1"/>
						<line number="924" hits="1"/>
						<line number="925" hits="1"/>
						<line number="926" hits="0"/>
						<line number="927" hits="0"/>
						<line number="932" hits="0"/>
						<line number="933" hits="1"/>
						<line number="934" hits="1"/>
						<line number="937" hits="1"/>
						<line number="947" hits="1"/>
						<line number="948" hits="1"/>
						<line number="949" hits="0"/>
						<line number="953" hits="1"/>
						<line number="954" hits="1"/>
						<line number="955" hits="1"/>
						<line number="956" hits="1"/>
						<line number="958" hits="0"/>
						<line number="959" hits="0"/>
						<line number="960" hits="0"/>
						<line number="962" hits="0"/>
						<line number="965" hits="0"/>
						<line number="966" hits="0"/>
						<line number="968" hits="0"/>
						<line number="970" hits="1"/>
						<line number="971" hits="1"/>
						<line number="975" hits="1"/>
						<line number="976" hits="1"/>
						<line number="989" hits="1"/>
						<line number="990" hits="1"/>
						<line number="991" hits="1"/>
						<line number="992" hits="1"/>
						<line number="993" hits="1"/>
						<line number="994" hits="1"/>
						<line number="995" hits="0"/>
						<line number="996" hits="0"/>
						<line number="999" hits="1"/>
						<line number="1000" hits="1"/>
						<line number="1001" hits="1"/>
						<line number="1002" hits="1"/>
						<line number="1003" hits="1"/>
						<line number="1004" hits="1"/>
						<line number="1005" hits="1"/>
						<line number="1006" hits="1"/>
						<line number="1007" hits="0"/>
						<line number="1010" hits="1"/>
						<line number="1011" hits="1"/>
						<line number="1020" hits="1"/>
						<line number="1021" hits="1"/>
						<line number="1024" hits="1"/>
						<line number="1025" hits="1"/>
						<line number="1034" hits="1"/>
						<line number="1035" hits="1"/>
						<line number="1036" hits="1"/>
						<line number="1037" hits="1"/>
						<line number="1038" hits="0"/>
						<line number="1040" hits="1"/>
						<line number="1054" hits="1"/>
						<line number="1055" hits="1"/>
						<line number="1056" hits="0"/>
						<line number="1057" hits="1"/>
						<line number="1058" hits="1"/>
						<line number="1063" hits="1"/>
						<line number="1067" hits="1"/>
						<line number="1068" hits="0"/>
						<line number="1069" hits="0"/>
						<line number="1072" hits="1"/>
						<line number="1082" hits="1"/>
						<line number="1083" hits="1"/>
						<line number="1084" hits="1"/>
						<line number="1086" hits="1"/>
						<line number="1088" hits="1"/>
						<line number="1102" hits="1"/>
						<line number="1108" hits="1"/>
						<line number="1111" hits="1"/>
						<line number="1112" hits="1"/>
						<line number="1113" hits="0"/>
						<line number="1114" hits="1"/>
						<line number="1115" hits="1"/>
						<line number="1116" hits="1"/>
						<line number="1117" hits="1"/>
						<line number="1118" hits="1"/>
						<line number="1119" hits="1"/>
						<line number="1122" hits="1"/>
						<line number="1123" hits="1"/>
						<line number="1124" hits="0"/>
						<line number="1125" hits="1"/>
						<line number="1126" hits="1"/>
						<line number="1127" hits="1"/>
						<line number="1128" hits="1"/>
						<line number="1129" hits="1"/>
						<line number="1130" hits="0"/>
						<line number="1133" hits="1"/>
						<line number="1134" hits="1"/>
						<line number="1135" hits="1"/>
						<line number="1138" hits="1"/>
						<line number="1145" hits="1"/>
						<line number="1152" hits="1"/>
						<line number="1153" hits="1"/>
						<line number="1154" hits="1"/>
						<line number="1159" hits="1"/>
						<line number="1162" hits="1"/>
						<line number="1163" hits="1"/>
						<line number="1164" hits="1"/>
						<line number="1165" hits="1"/>
						<line number="1166" hits="1"/>
						<line number="1167" hits="1"/>
						<line number="1168" hits="1"/>
						<line number="1171" hits="1"/>
						<line number="1172" hits="1"/>
						<line number="1173" hits="0"/>
						<line number="1174" hits="1"/>
						<line number="1175" hits="1"/>
						<line number="1176" hits="1"/>
						<line number="1177" hits="1"/>
						<line number="1178" hits="1"/>
						<line number="1179" hits="0"/>
						<line number="1182" hits="1"/>
						<line number="1183" hits="1"/>
						<line number="1184" hits="1"/>
						<line number="1187" hits="1"/>
						<line number="1188" hits="1"/>
						<line number="1189" hits="1"/>
						<line number="1190" hits="1"/>
						<line number="1191" hits="0"/>
						<line number="1192" hits="0"/>
						<line number="1193" hits="0"/>
						<line number="1196" hits="1"/>
						<line number="1197" hits="1"/>
						<line number="1198" hits="1"/>
						<line number="1199" hits="1"/>
						<line number="1200" hits="0"/>
						<line number="1201" hits="0"/>
						<line number="1202" hits="1"/>
						<line number="1205" hits="1"/>
						<line number="1206" hits="1"/>
						<line number="1207" hits="1"/>
						<line number="1209" hits="1"/>
						<line number="1210" hits="0"/>
						<line number="1211" hits="0"/>
						<line number="1212" hits="1"/>
						<line number="1215" hits="1"/>
						<line number="1221" hits="0"/>
						<line number="1222" hits="0"/>
						<line number="1223" hits="0"/>
						<line number="1224" hits="0"/>
						<line number="1225" hits="0"/>
						<line number="1228" hits="1"/>
						<line number="1241" hits="1"/>
						<line number="1245" hits="1"/>
						<line number="1246" hits="1"/>
						<line number="1247" hits="1"/>
						<line number="1250" hits="1"/>
						<line number="1252" hits="1"/>
						<line number="1253" hits="1"/>
						<line number="1254" hits="1"/>
						<line number="1255" hits="1"/>
						<line number="1256" hits="1"/>
						<line number="1257" hits="1"/>
						<line number="1258" hits="1"/>
						<line number="1259" hits="0"/>
						<line number="1260" hits="0"/>
						<line number="1261" hits="1"/>
						<line number="1263" hits="1"/>
						<line number="1265" hits="1"/>
						<line number="1266" hits="1"/>
						<line number="1267" hits="0"/>
						<line number="1269" hits="1"/>
						<line number="1270" hits="1"/>
						<line number="1271" hits="0"/>
						<line number="1272" hits="0"/>
						<line number="1273" hits="1"/>
						<line number="1274" hits="1"/>
						<line number="1275" hits="0"/>
						<line number="1276" hits="0"/>
						<line number="1279" hits="1"/>
						<line number="1295" hits="1"/>
						<line number="1296" hits="1"/>
						<line number="1297" hits="0"/>
						<line number="1298" hits="0"/>
						<line number="1310" hits="1"/>
						<line number="1333" hits="1"/>
						<line number="1336" hits="1"/>
						<line number="1337" hits="1"/>
						<line number="1340" hits="1"/>
						<line number="1341" hits="1"/>
						<line number="1347" hits="1"/>
						<line number="1348" hits="1"/>
						<line number="1349" hits="1"/>
						<line number="1351" hits="1"/>
						<line number="1353" hits="1"/>
						<line number="1361" hits="1"/>
						<line number="1362" hits="1"/>
						<line number="1371" hits="0"/>
						<line number="1382" hits="1"/>
						<line number="1383" hits="1"/>
						<line number="1386" hits="1"/>
						<line number="1387" hits="1"/>
						<line number="1388" hits="0"/>
						<line number="1389" hits="1"/>
						<line number="1390" hits="1"/>
						<line number="1392" hits="1"/>
						<line number="1394" hits="1"/>
						<line number="1395" hits="1"/>
						<line number="1396" hits="1"/>
						<line number="1397" hits="0"/>
						<line number="1398" hits="1"/>
						<line number="1399" hits="1"/>
						<line number="1400" hits="0"/>
						<line number="1401" hits="0"/>
						<line number="1403" hits="1"/>
						<line number="1404" hits="1"/>
						<line number="1405" hits="1"/>
						<line number="1406" hits="0"/>
						<line number="1407" hits="0"/>
						<line number="1409" hits="1"/>
						<line number="1410" hits="1"/>
						<line number="1411" hits="1"/>
						<line number="1412" hits="1"/>
						<line number="1413" hits="1"/>
						<line number="1414" hits="1"/>
						<line number="1415" hits="1"/>
						<line number="1419" hits="1"/>
						<line number="1420" hits="1"/>
						<line number="1421" hits="1"/>
						<line number="1422" hits="1"/>
						<line number="1423" hits="1"/>
						<line number="1424" hits="1"/>
						<line number="1425" hits="1"/>
						<line number="1427" hits="1"/>
						<line number="1428" hits="1"/>
						<line number="1429" hits="1"/>
						<line number="1430" hits="1"/>
						<line number="1431" hits="1"/>
						<line number="1432" hits="1"/>
						<line number="1433" hits="1"/>
						<line number="1434" hits="1"/>
						<line number="1435" hits="1"/>
						<line number="1436" hits="1"/>
						<line number="1438" hits="1"/>
						<line number="1439" hits="1"/>
						<line number="1440" hits="0"/>
						<line number="1442" hits="1"/>
						<line number="1443" hits="1"/>
						<line number="1444" hits="1"/>
						<line number="1445" hits="1"/>
						<line number="1446" hits="1"/>
						<line number="1447" hits="1"/>
						<line number="1448" hits="1"/>
						<line number="1449" hits="1"/>
						<line number="1450" hits="1"/>
						<line number="1451" hits="1"/>
						<line number="1455" hits="1"/>
						<line number="1456" hits="1"/>
						<line number="1457" hits="1"/>
						<line number="1458" hits="1"/>
						<line number="1459" hits="1"/>
						<line number="1460" hits="1"/>
						<line number="1461" hits="0"/>
						<line number="1462" hits="1"/>
						<line number="1463" hits="1"/>
						<line number="1464" hits="1"/>
						<line number="1467" hits="1"/>
						<line number="1468" hits="1"/>
						<line number="1469" hits="1"/>
						<line number="1470" hits="1"/>
						<line number="1471" hits="0"/>
						<line number="1472" hits="1"/>
						<line number="1473" hits="1"/>
						<line number="1474" hits="1"/>
						<line number="1475" hits="1"/>
						<line number="1476" hits="1"/>
						<line number="1479" hits="1"/>
						<line number="1480" hits="0"/>
						<line number="1481" hits="0"/>
						<line number="1485" hits="0"/>
						<line number="1487" hits="1"/>
						<line number="1488" hits="1"/>
						<line number="1489" hits="1"/>
						<line number="1491" hits="1"/>
						<line number="1494" hits="1"/>
						<line number="1502" hits="1"/>
						<line number="1549" hits="1"/>
						<line number="1553" hits="1"/>
						<line number="1554" hits="1"/>
						<line number="1555" hits="1"/>
						<line number="1556" hits="1"/>
						<line number="1557" hits="1"/>
						<line number="1558" hits="1"/>
						<line number="1559" hits="1"/>
						<line number="1560" hits="1"/>
						<line number="1561" hits="1"/>
						<line number="1562" hits="1"/>
						<line number="1563" hits="1"/>
						<line number="1564" hits="1"/>
						<line number="1565" hits="1"/>
						<line number="1566" hits="0"/>
						<line number="1567" hits="1"/>
						<line number="1568" hits="0"/>
						<line number="1570" hits="1"/>
						<line number="1571" hits="1"/>
						<line number="1572" hits="0"/>
						<line number="1573" hits="1"/>
						<line number="1574" hits="1"/>
						<line number="1575" hits="0"/>
						<line number="1576" hits="0"/>
						<line number="1577" hits="1"/>
						<line number="1578" hits="0"/>
						<line number="1579" hits="1"/>
						<line number="1580" hits="1"/>
						<line number="1581" hits="1"/>
						<line number="1582" hits="1"/>
						<line number="1583" hits="1"/>
						<line number="1584" hits="1"/>
						<line number="1586" hits="1"/>
						<line number="1587" hits="1"/>
						<line number="1589" hits="1"/>
						<line number="1590" hits="1"/>
						<line number="1591" hits="1"/>
						<line number="1592" hits="1"/>
						<line number="1593" hits="1"/>
						<line number="1594" hits="0"/>
						<line number="1595" hits="0"/>
						<line number="1596" hits="1"/>
						<line number="1597" hits="0"/>
						<line number="1599" hits="1"/>
						<line number="1600" hits="1"/>
						<line number="1601" hits="0"/>
						<line number="1602" hits="0"/>
						<line number="1603" hits="1"/>
						<line number="1604" hits="1"/>
						<line number="1605" hits="0"/>
						<line number="1606" hits="0"/>
						<line number="1607" hits="0"/>
						<line number="1608" hits="1"/>
						<line number="1609" hits="1"/>
						<line number="1610" hits="1"/>
						<line number="1611" hits="1"/>
						<line number="1612" hits="1"/>
						<line number="1613" hits="1"/>
						<line number="1614" hits="1"/>
						<line number="1615" hits="1"/>
						<line number="1616" hits="1"/>
						<line number="1617" hits="1"/>
						<line number="1618" hits="1"/>
						<line number="1619" hits="1"/>
						<line number="1620" hits="1"/>
						<line number="1623" hits="1"/>
						<line number="1624" hits="1"/>
						<line number="1625" hits="1"/>
						<line number="1626" hits="1"/>
						<line number="1627" hits="1"/>
						<line number="1628" hits="1"/>
						<line number="1629" hits="1"/>
						<line number="1630" hits="1"/>
						<line number="1631" hits="1"/>
						<line number="1633" hits="1"/>
						<line number="1634" hits="1"/>
						<line number="1635" hits="1"/>
						<line number="1636" hits="1"/>
						<line number="1637" hits="1"/>
						<line number="1638" hits="1"/>
						<line number="1653" hits="1"/>
						<line number="1654" hits="1"/>
						<line number="1655" hits="1"/>
						<line number="1666" hits="1"/>
						<line number="1677" hits="1"/>
						<line number="1678" hits="1"/>
						<line number="1679" hits="1"/>
						<line number="1680" hits="1"/>
						<line number="1681" hits="1"/>
						<line number="1682" hits="1"/>
						<line number="1683" hits="1"/>
						<line number="1684" hits="1"/>
						<line number="1685" hits="1"/>
						<line number="1686" hits="1"/>
						<line number="1687" hits="1"/>
						<line number="1688" hits="1"/>
						<line number="1693" hits="1"/>
						<line number="1695" hits="1"/>
						<line number="1696" hits="1"/>
						<line number="1697" hits="1"/>
						<line number="1698" hits="1"/>
						<line number="1700" hits="1"/>
						<line number="1701" hits="1"/>
						<line number="1706" hits="1"/>
						<line number="1707" hits="1"/>
						<line number="1708" hits="1"/>
						<line number="1709" hits="1"/>
						<line number="1710" hits="1"/>
						<line number="1711" hits="1"/>
						<line number="1713" hits="1"/>
						<line number="1714" hits="1"/>
						<line number="1719" hits="1"/>
						<line number="1720" hits="1"/>
						<line number="1721" hits="1"/>
						<line number="1722" hits="1"/>
						<line number="1724" hits="1"/>
						<line number="1725" hits="1"/>
						<line number="1731" hits="1"/>
						<line number="1737" hits="0"/>
						<line number="1738" hits="0"/>
						<line number="1739" hits="0"/>
						<line number="1745" hits="0"/>
						<line number="1748" hits="0"/>
						<line number="1749" hits="0"/>
						<line number="1750" hits="0"/>
						<line number="1751" hits="0"/>
						<line number="1752" hits="0"/>
						<line number="1753" hits="0"/>
						<line number="1754" hits="0"/>
						<line number="1755" hits="0"/>
						<line number="1756" hits="0"/>
						<line number="1757" hits="0"/>
						<line number="1758" hits="0"/>
						<line number="1759" hits="0"/>
						<line number="1760" hits="0"/>
						<line number="1761" hits="0"/>
						<line number="1762" hits="0"/>
						<line number="1763" hits="0"/>
						<line number="1769" hits="0"/>
						<line number="1770" hits="0"/>
						<line number="1776" hits="0"/>
						<line number="1779" hits="1"/>
						<line number="1780" hits="1"/>
						<line number="1781" hits="1"/>
						<line number="1782" hits="1"/>
						<line number="1783" hits="1"/>
						<line number="1786" hits="1"/>
						<line number="1787" hits="1"/>
						<line number="1794" hits="1"/>
						<line number="1795" hits="1"/>
						<line number="1796" hits="1"/>
						<line number="1798" hits="1"/>
						<line number="1799" hits="1"/>
						<line number="1800" hits="1"/>
						<line number="1801" hits="1"/>
						<line number="1802" hits="1"/>
						<line number="1803" hits="1"/>
						<line number="1804" hits="1"/>
						<line number="1805" hits="1"/>
						<line number="1806" hits="1"/>
						<line number="1807" hits="1"/>
						<line number="1809" hits="1"/>
						<line number="1810" hits="1"/>
						<line number="1811" hits="1"/>
						<line number="1812" hits="1"/>
						<line number="1813" hits="1"/>
						<line number="1814" hits="1"/>
						<line number="1815" hits="1"/>
						<line number="1816" hits="1"/>
						<line number="1817" hits="1"/>
						<line number="1820" hits="1"/>
						<line number="1821" hits="1"/>
						<line number="1822" hits="1"/>
						<line number="1823" hits="1"/>
						<line number="1824" hits="1"/>
						<line number="1825" hits="1"/>
						<line number="1826" hits="1"/>
						<line number="1827" hits="1"/>
						<line number="1832" hits="1"/>
						<line number="1833" hits="1"/>
						<line number="1834" hits="1"/>
						<line number="1837" hits="1"/>
						<line number="1840" hits="1"/>
						<line number="1847" hits="1"/>
						<line number="1848" hits="1"/>
						<line number="1849" hits="1"/>
						<line number="1851" hits="1"/>
						<line number="1858" hits="1"/>
						<line number="1859" hits="1"/>
						<line number="1860" hits="1"/>
						<line number="1862" hits="1"/>
						<line number="1865" hits="1"/>
						<line number="1866" hits="1"/>
						<line number="1867" hits="1"/>
						<line number="1868" hits="1"/>
						<line number="1869" hits="1"/>
						<line number="1870" hits="1"/>
						<line number="1871" hits="1"/>
						<line number="1872" hits="1"/>
						<line number="1874" hits="1"/>
						<line number="1877" hits="1"/>
						<line number="1878" hits="1"/>
						<line number="1879" hits="1"/>
						<line number="1880" hits="1"/>
						<line number="1881" hits="1"/>
						<line number="1882" hits="1"/>
						<line number="1883" hits="1"/>
						<line number="1884" hits="1"/>
						<line number="1885" hits="1"/>
						<line number="1888" hits="1"/>
						<line number="1889" hits="1"/>
						<line number="1890" hits="1"/>
						<line number="1891" hits="1"/>
						<line number="1898" hits="1"/>
						<line number="1899" hits="1"/>
						<line number="1900" hits="1"/>
						<line number="1901" hits="1"/>
						<line number="1902" hits="1"/>
						<line number="1903" hits="1"/>
						<line number="1904" hits="1"/>
						<line number="1905" hits="1"/>
						<line number="1906" hits="1"/>
						<line number="1907" hits="1"/>
						<line number="1909" hits="1"/>
						<line number="1916" hits="1"/>
						<line number="1917" hits="1"/>
						<line number="1918" hits="1"/>
						<line number="1920" hits="1"/>
						<line number="1921" hits="1"/>
						<line number="1922" hits="1"/>
						<line number="1923" hits="1"/>
						<line number="1924" hits="1"/>
						<line number="1925" hits="1"/>
						<line number="1926" hits="1"/>
						<line number="1927" hits="1"/>
						<line number="1928" hits="1"/>
						<line number="1929" hits="1"/>
						<line number="1931" hits="1"/>
						<line number="1941" hits="1"/>
						<line number="1951" hits="1"/>
						<line number="1962" hits="1"/>
						<line number="1969" hits="1"/>
						<line number="1970" hits="1"/>
						<line number="1971" hits="1"/>
						<line number="1972" hits="1"/>
						<line number="1973" hits="1"/>
						<line number="1974" hits="1"/>
						<line number="1975" hits="1"/>
						<line number="1976" hits="1"/>
						<line number="1977" hits="1"/>
						<line number="1978" hits="1"/>
						<line number="1979" hits="1"/>
						<line number="1980" hits="1"/>
						<line number="1981" hits="1"/>
						<line number="1983" hits="1"/>
						<line number="1984" hits="1"/>
						<line number="1985" hits="1"/>
						<line number="1986" hits="1"/>
						<line number="1987" hits="1"/>
						<line number="1988" hits="1"/>
						<line number="1989" hits="1"/>
						<line number="1991" hits="1"/>
						<line number="1992" hits="1"/>
						<line number="1993" hits="1"/>
						<line number="1994" hits="1"/>
						<line number="1995" hits="1"/>
						<line number="1996" hits="1"/>
						<line number="1997" hits="1"/>
						<line number="1998" hits="1"/>
						<line number="1999" hits="1"/>
						<line number="2002" hits="1"/>
						<line number="2005" hits="1"/>
						<line number="2006" hits="1"/>
						<line number="2007" hits="1"/>
						<line number="2008" hits="1"/>
						<line number="2009" hits="1"/>
						<line number="2010" hits="1"/>
						<line number="2011" hits="1"/>
						<line number="2012" hits="1"/>
						<line number="2013" hits="1"/>
						<line number="2016" hits="1"/>
						<line number="2017" hits="1"/>
						<line number="2018" hits="1"/>
						<line number="2019" hits="1"/>
						<line number="2021" hits="1"/>
						<line number="2026" hits="1"/>
						<line number="2027" hits="1"/>
						<line number="2028" hits="1"/>
						<line number="2035" hits="1"/>
						<line number="2036" hits="1"/>
						<line number="2043" hits="1"/>
						<line number="2044" hits="1"/>
						<line number="2056" hits="1"/>
						<line number="2057" hits="1"/>
						<line number="2060" hits="1"/>
						<line number="2061" hits="1"/>
						<line number="2062" hits="0"/>
						<line number="2063" hits="1"/>
						<line number="2064" hits="1"/>
						<line number="2067" hits="1"/>
						<line number="2068" hits="1"/>
						<line number="2069" hits="1"/>
						<line number="2070" hits="1"/>
						<line number="2075" hits="1"/>
						<line number="2076" hits="1"/>
						<line number="2077" hits="1"/>
						<line number="2079" hits="1"/>
						<line number="2080" hits="1"/>
						<line number="2081" hits="0"/>
						<line number="2083" hits="1"/>
						<line number="2084" hits="1"/>
						<line number="2085" hits="1"/>
						<line number="2090" hits="1"/>
						<line number="2091" hits="1"/>
						<line number="2101" hits="1"/>
						<line number="2111" hits="1"/>
						<line number="2121" hits="1"/>
						<line number="2132" hits="1"/>
						<line number="2139" hits="1"/>
						<line number="2140" hits="1"/>
						<line number="2141" hits="1"/>
						<line number="2143" hits="1"/>
						<line number="2144" hits="1"/>
						<line number="2145" hits="1"/>
						<line number="2146" hits="1"/>
						<line number="2147" hits="1"/>
						<line number="2148" hits="1"/>
						<line number="2149" hits="1"/>
						<line number="2150" hits="1"/>
						<line number="2151" hits="1"/>
						<line number="2154" hits="1"/>
						<line number="2158" hits="1"/>
						<line number="2159" hits="1"/>
						<line number="2160" hits="1"/>
						<line number="2161" hits="1"/>
						<line number="2162" hits="1"/>
						<line number="2163" hits="1"/>
						<line number="2172" hits="1"/>
						<line number="2173" hits="1"/>
						<line number="2174" hits="1"/>
						<line number="2175" hits="1"/>
						<line number="2176" hits="1"/>
						<line number="2177" hits="1"/>
						<line number="2178" hits="1"/>
						<line number="2179" hits="1"/>
						<line number="2181" hits="1"/>
						<line number="2188" hits="1"/>
						<line number="2189" hits="1"/>
						<line number="2190" hits="1"/>
						<line number="2192" hits="1"/>
						<line number="2193" hits="1"/>
						<line number="2194" hits="1"/>
						<line number="2195" hits="1"/>
						<line number="2196" hits="1"/>
						<line number="2197" hits="1"/>
						<line number="2198" hits="1"/>
						<line number="2199" hits="1"/>
						<line number="2200" hits="1"/>
						<line number="2202" hits="1"/>
						<line number="2204" hits="1"/>
						<line number="2206" hits="1"/>
						<line number="2213" hits="1"/>
						<line number="2214" hits="1"/>
						<line number="2215" hits="1"/>
						<line number="2216" hits="1"/>
						<line number="2224" hits="1"/>
						<line number="2227" hits="1"/>
						<line number="2228" hits="1"/>
						<line number="2229" hits="1"/>
						<line number="2232" hits="1"/>
						<line number="2233" hits="1"/>
						<line number="2236" hits="1"/>
						<line number="2244" hits="1"/>
						<line number="2245" hits="1"/>
						<line number="2246" hits="1"/>
						<line number="2247" hits="1"/>
						<line number="2248" hits="1"/>
						<line number="2249" hits="1"/>
						<line number="2250" hits="1"/>
						<line number="2252" hits="1"/>
						<line number="2253" hits="1"/>
						<line number="2254" hits="1"/>
						<line number="2255" hits="1"/>
						<line number="2256" hits="1"/>
						<line number="2260" hits="1"/>
						<line number="2261" hits="1"/>
						<line number="2263" hits="1"/>
						<line number="2264" hits="1"/>
						<line number="2265" hits="1"/>
						<line number="2268" hits="1"/>
						<line number="2276" hits="1"/>
						<line number="2277" hits="1"/>
						<line number="2278" hits="1"/>
						<line number="2283" hits="1"/>
						<line number="2292" hits="1"/>
						<line number="2299" hits="1"/>
						<line number="2300" hits="1"/>
						<line number="2301" hits="1"/>
						<line number="2302" hits="1"/>
						<line number="2303" hits="1"/>
						<line number="2304" hits="1"/>
						<line number="2305" hits="1"/>
						<line number="2306" hits="1"/>
						<line number="2307" hits="1"/>
						<line number="2308" hits="1"/>
						<line number="2309" hits="1"/>
						<line number="2310" hits="1"/>
						<line number="2311" hits="1"/>
						<line number="2313" hits="1"/>
						<line number="2320" hits="1"/>
						<line number="2321" hits="1"/>
						<line number="2322" hits="1"/>
						<line number="2324" hits="1"/>
						<line number="2325" hits="1"/>
						<line number="2326" hits="0"/>
						<line number="2327" hits="0"/>
						<line number="2328" hits="0"/>
						<line number="2329" hits="0"/>
						<line number="2335" hits="1"/>
						<line number="2336" hits="0"/>
						<line number="2337" hits="0"/>
						<line number="2338" hits="0"/>
						<line number="2339" hits="0"/>
						<line number="2340" hits="0"/>
						<line number="2341" hits="0"/>
						<line number="2342" hits="0"/>
						<line number="2344" hits="0"/>
						<line number="2348" hits="0"/>
						<line number="2349" hits="0"/>
						<line number="2350" hits="0"/>
						<line number="2352" hits="1"/>
						<line number="2360" hits="1"/>
						<line number="2367" hits="1"/>
						<line number="2368" hits="1"/>
						<line number="2369" hits="1"/>
						<line number="2371" hits="1"/>
						<line number="2372" hits="1"/>
						<line number="2373" hits="1"/>
						<line number="2375" hits="1"/>
						<line number="2381" hits="1"/>
						<line number="2383" hits="1"/>
						<line number="2384" hits="1"/>
						<line number="2385" hits="1"/>
						<line number="2386" hits="1"/>
						<line number="2387" hits="1"/>
						<line number="2388" hits="1"/>
						<line number="2389" hits="1"/>
						<line number="2391" hits="1"/>
						<line number="2398" hits="1"/>
						<line number="2399" hits="1"/>
						<line number="2404" hits="0"/>
						<line number="2406" hits="1"/>
						<line number="2415" hits="1"/>
						<line number="2421" hits="1"/>
						<line number="2423" hits="1"/>
						<line number="2424" hits="1"/>
						<line number="2425" hits="1"/>
						<line number="2426" hits="1"/>
						<line number="2434" hits="1"/>
						<line number="2435" hits="1"/>
						<line number="2436" hits="1"/>
						<line number="2437" hits="1"/>
						<line number="2445" hits="1"/>
						<line number="2446" hits="1"/>
						<line number="2447" hits="1"/>
						<line number="2448" hits="1"/>
						<line number="2449" hits="1"/>
						<line number="2450" hits="1"/>
						<line number="2451" hits="1"/>
						<line number="2452" hits="1"/>
						<line number="2453" hits="1"/>
						<line number="2454" hits="1"/>
						<line number="2455" hits="1"/>
						<line number="2457" hits="1"/>
						<line number="2458" hits="1"/>
						<line number="2459" hits="1"/>
						<line number="2460" hits="1"/>
						<line number="2461" hits="1"/>
						<line number="2469" hits="0"/>
						<line number="2477" hits="1"/>
						<line number="2478" hits="0"/>
						<line number="2479" hits="0"/>
						<line number="2480" hits="0"/>
						<line number="2481" hits="0"/>
						<line number="2482" hits="0"/>
						<line number="2483" hits="0"/>
						<line number="2485" hits="1"/>
						<line number="2486" hits="1"/>
						<line number="2487" hits="1"/>
						<line number="2488" hits="1"/>
						<line number="2489" hits="1"/>
						<line number="2490" hits="1"/>
						<line number="2491" hits="1"/>
						<line number="2492" hits="1"/>
						<line number="2493" hits="1"/>
						<line number="2494" hits="1"/>
						<line number="2495" hits="1"/>
						<line number="2496" hits="1"/>
						<line number="2497" hits="1"/>
						<line number="2499" hits="1"/>
						<line number="2500" hits="1"/>
						<line number="2501" hits="1"/>
						<line number="2502" hits="1"/>
						<line number="2503" hits="1"/>
						<line number="2504" hits="1"/>
						<line number="2506" hits="1"/>
						<line number="2507" hits="1"/>
						<line number="2511" hits="1"/>
						<line number="2512" hits="1"/>
						<line number="2513" hits="1"/>
						<line number="2514" hits="1"/>
						<line number="2516" hits="1"/>
[...]
						<line number="2541" hits="1"/>
						<line number="2544" hits="1"/>
						<line number="2547" hits="1"/>
						<line number="2551" hits="1"/>
						<line number="2552" hits="1"/>
						<line number="2554" hits="1"/>
						<line number="2555" hits="1"/>
						<line number="2561" hits="1"/>
						<line number="2562" hits="1"/>
						<line number="2563" hits="1"/>
						<line number="2564" hits="1"/>
						<line number="2570" hits="1"/>
						<line number="2571" hits="1"/>
						<line number="2572" hits="1"/>
						<line number="2573" hits="0"/>
						<line number="2579" hits="0"/>
						<line number="2580" hits="0"/>
						<line number="2582" hits="1"/>
						<line number="2584" hits="1"/>
						<line number="2585" hits="1"/>
						<line number="2586" hits="1"/>
						<line number="2588" hits="1"/>
						<line number="2589" hits="1"/>
						<line number="2590" hits="1"/>
						<line number="2593" hits="1"/>
						<line number="2594" hits="1"/>
						<line number="2595" hits="1"/>
						<line number="2607" hits="1"/>
						<line number="2608" hits="1"/>
						<line number="2611" hits="1"/>
						<line number="2612" hits="1"/>
						<line number="2615" hits="1"/>
						<line number="2616" hits="0"/>
						<line number="2618" hits="1"/>
						<line number="2619" hits="1"/>
						<line number="2620" hits="0"/>
						<line number="2633" hits="0"/>
						<line number="2634" hits="1"/>
						<line number="2637" hits="1"/>
						<line number="2638" hits="1"/>
						<line number="2639" hits="1"/>
						<line number="2640" hits="1"/>
						<line number="2642" hits="1"/>
						<line number="2643" hits="1"/>
						<line number="2644" hits="1"/>
						<line number="2646" hits="1"/>
						<line number="2654" hits="1"/>
						<line number="2655" hits="1"/>
						<line number="2656" hits="0"/>
						<line number="2657" hits="1"/>
						<line number="2658" hits="0"/>
						<line number="2659" hits="1"/>
						<line number="2662" hits="1"/>
						<line number="2665" hits="1"/>
						<line number="2666" hits="1"/>
						<line number="2667" hits="1"/>
						<line number="2669" hits="1"/>
						<line number="2670" hits="1"/>
						<line number="2671" hits="1"/>
						<line number="2672" hits="1"/>
						<line number="2673" hits="1"/>
						<line number="2675" hits="1"/>
						<line number="2676" hits="1"/>
						<line number="2677" hits="1"/>
						<line number="2678" hits="1"/>
						<line number="2679" hits="0"/>
						<line number="2680" hits="1"/>
						<line number="2681" hits="1"/>
						<line number="2682" hits="0"/>
						<line number="2683" hits="1"/>
						<line number="2684" hits="1"/>
						<line number="2685" hits="1"/>
						<line number="2686" hits="1"/>
						<line number="2696" hits="1"/>
						<line number="2697" hits="1"/>
						<line number="2698" hits="1"/>
						<line number="2699" hits="0"/>
						<line number="2706" hits="1"/>
						<line number="2709" hits="1"/>
						<line number="2710" hits="1"/>
						<line number="2711" hits="1"/>
						<line number="2712" hits="0"/>
						<line number="2713" hits="1"/>
						<line number="2714" hits="1"/>
						<line number="2717" hits="1"/>
						<line number="2719" hits="1"/>
						<line number="2720" hits="1"/>
						<line number="2721" hits="1"/>
						<line number="2722" hits="1"/>
						<line number="2725" hits="1"/>
						<line number="2726" hits="1"/>
						<line number="2729" hits="1"/>
						<line number="2730" hits="1"/>
						<line number="2731" hits="1"/>
						<line number="2732" hits="0"/>
						<line number="2733" hits="1"/>
						<line number="2734" hits="1"/>
						<line number="2735" hits="1"/>
						<line number="2736" hits="1"/>
						<line number="2739" hits="1"/>
						<line number="2740" hits="1"/>
						<line number="2741" hits="1"/>
						<line number="2742" hits="1"/>
						<line number="2748" hits="1"/>
						<line number="2755" hits="1"/>
						<line number="2756" hits="1"/>
						<line number="2757" hits="1"/>
						<line number="2759" hits="1"/>
						<line number="2760" hits="1"/>
						<line number="2761" hits="1"/>
						<line number="2762" hits="1"/>
						<line number="2763" hits="1"/>
						<line number="2764" hits="1"/>
						<line number="2765" hits="1"/>
						<line number="2766" hits="1"/>
						<line number="2767" hits="1"/>
						<line number="2769" hits="1"/>
						<line number="2772" hits="1"/>
						<line number="2773" hits="1"/>
						<line number="2774" hits="1"/>
						<line number="2775" hits="1"/>
						<line number="2776" hits="1"/>
						<line number="2777" hits="1"/>
						<line number="2778" hits="1"/>
						<line number="2780" hits="1"/>
						<line number="2781" hits="1"/>
						<line number="2782" hits="1"/>
						<line number="2783" hits="1"/>
						<line number="2784" hits="1"/>
						<line number="2785" hits="1"/>
						<line number="2787" hits="1"/>
						<line number="2788" hits="1"/>
						<line number="2789" hits="1"/>
						<line number="2790" hits="1"/>
						<line number="2791" hits="1"/>
						<line number="2792" hits="1"/>
						<line number="2794" hits="1"/>
						<line number="2795" hits="1"/>
						<line number="2796" hits="1"/>
						<line number="2797" hits="1"/>
						<line number="2798" hits="1"/>
						<line number="2799" hits="1"/>
						<line number="2801" hits="1"/>
						<line number="2802" hits="1"/>
						<line number="2803" hits="1"/>
						<line number="2804" hits="1"/>
						<line number="2812" hits="1"/>
						<line number="2813" hits="1"/>
						<line number="2814" hits="1"/>
						<line number="2815" hits="1"/>
						<line number="2816" hits="1"/>
						<line number="2817" hits="1"/>
						<line number="2818" hits="1"/>
						<line number="2819" hits="1"/>
						<line number="2820" hits="1"/>
						<line number="2823" hits="1"/>
						<line number="2824" hits="1"/>
						<line number="2825" hits="1"/>
						<line number="2826" hits="1"/>
						<line number="2828" hits="1"/>
						<line number="2830" hits="1"/>
						<line number="2832" hits="1"/>
						<line number="2833" hits="1"/>
						<line number="2834" hits="1"/>
						<line number="2836" hits="1"/>
						<line number="2837" hits="1"/>
						<line number="2840" hits="1"/>
						<line number="2853" hits="1"/>
						<line number="2854" hits="1"/>
						<line number="2855" hits="0"/>
						<line number="2857" hits="1"/>
						<line number="2866" hits="1"/>
						<line number="2867" hits="1"/>
						<line number="2868" hits="1"/>
						<line number="2870" hits="1"/>
						<line number="2871" hits="1"/>
						<line number="2872" hits="1"/>
						<line number="2873" hits="0"/>
						<line number="2875" hits="1"/>
						<line number="2880" hits="1"/>
						<line number="2881" hits="1"/>
						<line number="2883" hits="1"/>
						<line number="2891" hits="1"/>
						<line number="2900" hits="1"/>
						<line number="2902" hits="1"/>
						<line number="2903" hits="1"/>
						<line number="2904" hits="1"/>
						<line number="2906" hits="1"/>
						<line number="2907" hits="1"/>
						<line number="2909" hits="1"/>
						<line number="2921" hits="1"/>
						<line number="2922" hits="1"/>
					</lines>
				</class>
			</classes>
		</package>
		<package name="src.bug_resolution_radar.repositories" line-rate="1" branch-rate="0" complexity="0">
			<classes>
				<class name="helix_repo.py" filename="src/bug_resolution_radar/repositories/helix_repo.py" complexity="0" line-rate="1" branch-rate="0">
					<methods/>
					<lines>
						<line number="3" hits="1"/>
						<line number="5" hits="1"/>
						<line number="6" hits="1"/>
						<line number="7" hits="1"/>
						<line number="9" hits="1"/>
						<line number="12" hits="1"/>
						<line number="13" hits="1"/>
						<line number="14" hits="1"/>
						<line number="16" hits="1"/>
						<line number="17" hits="1"/>
						<line number="18" hits="1"/>
						<line number="19" hits="1"/>
						<line number="21" hits="1"/>
						<line number="22" hits="1"/>
						<line number="24" hits="1"/>
						<line number="25" hits="1"/>
						<line number="26" hits="1"/>
						<line number="27" hits="1"/>
						<line number="28" hits="1"/>
						<line number="29" hits="1"/>
						<line number="30" hits="1"/>
					</lines>
				</class>
			</classes>
		</package>
		<package name="src.bug_resolution_radar.services" line-rate="0.9157" branch-rate="0" complexity="0">
			<classes>
				<class name="__init__.py" filename="src/bug_resolution_radar/services/__init__.py" complexity="0" line-rate="1" branch-rate="0">
					<methods/>
					<lines/>
				</class>
				<class name="notes.py" filename="src/bug_resolution_radar/services/notes.py" complexity="0" line-rate="0.875" branch-rate="0">
					<methods/>
					<lines>
						<line number="3" hits="1"/>
						<line number="5" hits="1"/>
						<line number="6" hits="1"/>
						<line number="7" hits="1"/>
						<line number="10" hits="1"/>
						<line number="11" hits="1"/>
						<line number="12" hits="1"/>
						<line number="13" hits="1"/>
						<line number="15" hits="1"/>
						<line number="16" hits="1"/>
						<line number="17" hits="1"/>
						<line number="18" hits="1"/>
						<line number="19" hits="0"/>
						<line number="20" hits="0"/>
						<line number="21" hits="0"/>
						<line number="22" hits="1"/>
						<line number="24" hits="1"/>
						<line number="26" hits="1"/>
						<line number="27" hits="1"/>
						<line number="28" hits="1"/>
						<line number="32" hits="1"/>
						<line number="33" hits="1"/>
						<line number="35" hits="1"/>
						<line number="36" hits="1"/>
					</lines>
				</class>
				<class name="source_maintenance.py" filename="src/bug_resolution_radar/services/source_maintenance.py" complexity="0" line-rate="0.9225" branch-rate="0">
					<methods/>
					<lines>
						<line number="3" hits="1"/>
						<line number="5" hits="1"/>
						<line number="6" hits="1"/>
						<line number="8" hits="1"/>
						<line number="9" hits="1"/>
						<line number="10" hits="1"/>
						<line number="11" hits="1"/>
						<line number="12" hits="1"/>
						<line number="13" hits="1"/>
						<line number="18" hits="1"/>
						<line number="25" hits="1"/>
						<line number="26" hits="1"/>
						<line number="29" hits="1"/>
						<line number="30" hits="1"/>
						<line number="31" hits="1"/>
						<line number="34" hits="1"/>
						<line number="35" hits="1"/>
						<line number="38" hits="1"/>
						<line number="40" hits="1"/>
						<line number="41" hits="1"/>
						<line number="42" hits="0"/>
						<line number="44" hits="1"/>
						<line number="45" hits="1"/>
						<line number="46" hits="1"/>
						<line number="47" hits="1"/>
						<line number="48" hits="0"/>
						<line number="50" hits="1"/>
						<line number="58" hits="1"/>
						<line number="59" hits="1"/>
						<line number="62" hits="1"/>
						<line number="64" hits="1"/>
						<line number="65" hits="1"/>
						<line number="66" hits="0"/>
						<line number="68" hits="1"/>
						<line number="69" hits="1"/>
						<line number="70" hits="1"/>
						<line number="71" hits="1"/>
						<line number="72" hits="0"/>
						<line number="74" hits="1"/>
						<line number="75" hits="1"/>
						<line number="76" hits="1"/>
						<line number="80" hits="1"/>
						<line number="81" hits="1"/>
						<line number="82" hits="1"/>
						<line number="83" hits="1"/>
						<line number="84" hits="0"/>
						<line number="85" hits="1"/>
						<line number="86" hits="0"/>
						<line number="87" hits="1"/>
						<line number="88" hits="0"/>
						<line number="89" hits="1"/>
						<line number="90" hits="1"/>
						<line number="95" hits="1"/>
						<line number="98" hits="1"/>
						<line number="100" hits="1"/>
						<line number="101" hits="1"/>
						<line number="102" hits="0"/>
						<line number="104" hits="1"/>
						<line number="105" hits="1"/>
						<line number="106" hits="1"/>
						<line number="107" hits="1"/>
						<line number="108" hits="1"/>
						<line number="109" hits="1"/>
						<line number="111" hits="1"/>
						<line number="112" hits="1"/>
						<line number="113" hits="1"/>
						<line number="114" hits="1"/>
						<line number="115" hits="1"/>
						<line number="116" hits="1"/>
						<line number="117" hits="1"/>
						<line number="118" hits="1"/>
						<line number="119" hits="1"/>
						<line number="121" hits="1"/>
						<line number="122" hits="1"/>
						<line number="123" hits="1"/>
						<line number="124" hits="1"/>
						<line number="125" hits="1"/>
						<line number="126" hits="1"/>
						<line number="128" hits="1"/>
						<line number="135" hits="1"/>
						<line number="137" hits="1"/>
						<line number="138" hits="1"/>
						<line number="139" hits="0"/>
						<line number="141" hits="1"/>
						<line number="142" hits="1"/>
						<line number="144" hits="1"/>
						<line number="145" hits="1"/>
						<line number="146" hits="1"/>
						<line number="147" hits="1"/>
						<line number="149" hits="1"/>
						<line number="150" hits="1"/>
						<line number="151" hits="1"/>
						<line number="153" hits="1"/>
						<line number="160" hits="1"/>
						<line number="162" hits="1"/>
						<line number="165" hits="1"/>
						<line number="166" hits="1"/>
						<line number="168" hits="1"/>
						<line number="170" hits="1"/>
						<line number="171" hits="1"/>
						<line number="172" hits="1"/>
						<line number="173" hits="1"/>
						<line number="175" hits="1"/>
						<line number="176" hits="1"/>
						<line number="177" hits="1"/>
						<line number="179" hits="1"/>
						<line number="184" hits="1"/>
						<line number="190" hits="1"/>
						<line number="191" hits="1"/>
						<line number="192" hits="1"/>
						<line number="200" hits="1"/>
						<line number="203" hits="1"/>
						<line number="205" hits="1"/>
						<line number="206" hits="1"/>
						<line number="207" hits="1"/>
						<line number="208" hits="0"/>
						<line number="210" hits="1"/>
						<line number="211" hits="1"/>
						<line number="212" hits="1"/>
						<line number="213" hits="1"/>
						<line number="214" hits="1"/>
						<line number="215" hits="1"/>
						<line number="216" hits="1"/>
						<line number="217" hits="1"/>
						<line number="218" hits="1"/>
						<line number="219" hits="1"/>
						<line number="220" hits="1"/>
						<line number="221" hits="1"/>
						<line number="222" hits="1"/>
						<line number="223" hits="1"/>
						<line number="224" hits="1"/>
						<line number="225" hits="1"/>
						<line number="226" hits="1"/>
						<line number="227" hits="1"/>
						<line number="228" hits="1"/>
						<line number="229" hits="1"/>
						<line number="230" hits="1"/>
						<line number="231" hits="1"/>
						<line number="232" hits="1"/>
						<line number="234" hits="0"/>
						<line number="236" hits="1"/>
						<line number="237" hits="1"/>
					</lines>
				</class>
			</classes>
		</package>
		<package name="src.bug_resolution_radar.theme" line-rate="0.9231" branch-rate="0" complexity="0">
			<classes>
				<class name="__init__.py" filename="src/bug_resolution_radar/theme/__init__.py" complexity="0" line-rate="1" branch-rate="0">
					<methods/>
					<lines/>
				</class>
				<class name="design_tokens.py" filename="src/bug_resolution_radar/theme/design_tokens.py" complexity="0" line-rate="0.9231" branch-rate="0">
					<methods/>
					<lines>
						<line number="3" hits="1"/>
						<line number="5" hits="1"/>
						<line number="6" hits="1"/>
						<line number="7" hits="1"/>
						<line number="8" hits="1"/>
						<line number="9" hits="1"/>
						<line number="12" hits="1"/>
						<line number="13" hits="1"/>
						<line number="14" hits="1"/>
						<line number="15" hits="1"/>
						<line number="16" hits="1"/>
						<line number="17" hits="1"/>
						<line number="18" hits="1"/>
						<line number="19" hits="1"/>
						<line number="20" hits="1"/>
						<line number="21" hits="1"/>
						<line number="22" hits="1"/>
						<line number="23" hits="1"/>
						<line number="24" hits="1"/>
						<line number="27" hits="1"/>
						<line number="41" hits="1"/>
						<line number="56" hits="1"/>
						<line number="57" hits="1"/>
						<line number="58" hits="1"/>
						<line number="59" hits="1"/>
						<line number="60" hits="1"/>
						<line number="61" hits="1"/>
						<line number="62" hits="1"/>
						<line number="63" hits="1"/>
						<line number="64" hits="1"/>
						<line number="65" hits="1"/>
						<line number="66" hits="1"/>
						<line number="67" hits="1"/>
						<line number="68" hits="1"/>
						<line number="71" hits="1"/>
						<line number="72" hits="1"/>
						<line number="73" hits="1"/>
						<line number="74" hits="1"/>
						<line number="75" hits="1"/>
						<line number="76" hits="1"/>
						<line number="77" hits="1"/>
						<line number="78" hits="1"/>
						<line number="79" hits="1"/>
						<line number="80" hits="1"/>
						<line number="81" hits="1"/>
						<line number="82" hits="1"/>
						<line number="83" hits="1"/>
						<line number="84" hits="1"/>
						<line number="85" hits="1"/>
						<line number="86" hits="1"/>
						<line number="87" hits="1"/>
						<line number="88" hits="1"/>
						<line number="89" hits="1"/>
						<line number="90" hits="1"/>
						<line number="91" hits="1"/>
						<line number="92" hits="1"/>
						<line number="93" hits="1"/>
						<line number="94" hits="1"/>
						<line number="95" hits="1"/>
						<line number="96" hits="1"/>
						<line number="97" hits="1"/>
						<line number="98" hits="1"/>
						<line number="99" hits="1"/>
						<line number="100" hits="1"/>
						<line number="102" hits="1"/>
						<line number="106" hits="1"/>
						<line number="110" hits="1"/>
						<line number="111" hits="1"/>
						<line number="116" hits="1"/>
						<line number="117" hits="1"/>
						<line number="120" hits="1"/>
						<line number="121" hits="1"/>
						<line number="122" hits="1"/>
						<line number="125" hits="1"/>
						<line number="133" hits="1"/>
						<line number="134" hits="1"/>
						<line number="135" hits="0"/>
						<line number="137" hits="1"/>
						<line number="138" hits="1"/>
						<line number="139" hits="1"/>
						<line number="140" hits="1"/>
						<line number="141" hits="1"/>
						<line number="142" hits="1"/>
						<line number="143" hits="1"/>
						<line number="144" hits="1"/>
						<line number="145" hits="1"/>
						<line number="146" hits="1"/>
						<line number="147" hits="0"/>
						<line number="148" hits="0"/>
						<line number="151" hits="1"/>
						<line number="152" hits="1"/>
						<line number="154" hits="0"/>
						<line number="155" hits="0"/>
						<line number="156" hits="1"/>
						<line number="157" hits="1"/>
						<line number="159" hits="1"/>
						<line number="162" hits="1"/>
						<line number="163" hits="1"/>
						<line number="164" hits="1"/>
						<line number="165" hits="0"/>
						<line number="166" hits="1"/>
						<line number="169" hits="1"/>
						<line number="170" hits="1"/>
						<line number="171" hits="1"/>
						<line number="172" hits="1"/>
						<line number="173" hits="1"/>
						<line number="174" hits="0"/>
						<line number="178" hits="1"/>
						<line number="188" hits="1"/>
						<line number="198" hits="1"/>
						<line number="208" hits="1"/>
						<line number="218" hits="1"/>
						<line number="219" hits="1"/>
						<line number="220" hits="1"/>
						<line number="221" hits="1"/>
						<line number="222" hits="1"/>
						<line number="225" hits="1"/>
						<line number="226" hits="1"/>
						<line number="227" hits="1"/>
						<line number="228" hits="1"/>
						<line number="229" hits="0"/>
						<line number="232" hits="1"/>
						<line number="233" hits="1"/>
						<line number="234" hits="1"/>
						<line number="237" hits="1"/>
						<line number="238" hits="0"/>
						<line number="239" hits="0"/>
						<line number="242" hits="1"/>
						<line number="243" hits="1"/>
						<line number="244" hits="1"/>
					</lines>
				</class>
			</classes>
		</package>
	</packages>
</coverage>
